2016-10-22 15:53:02,978 (main) [    ContainerLoader.java:73 :INFO ] [Startup] Loading containers...
2016-10-22 15:53:03,282 (main) [ ComponentContainer.java:220:INFO ] Auto-Loading component directory : [/Users/tusm/javaProject/svn/yaOfbiz/framework]
2016-10-22 15:53:03,304 (main) [ ComponentContainer.java:282:INFO ] Loading component : [base]
2016-10-22 15:53:03,307 (main) [ ComponentContainer.java:331:WARN ] Location '/Users/tusm/javaProject/svn/yaOfbiz/framework/base/lib/redis' does not exist
2016-10-22 15:53:03,316 (main) [ ComponentContainer.java:282:INFO ] Loading component : [geronimo]
2016-10-22 15:53:03,326 (main) [ ComponentContainer.java:282:INFO ] Loading component : [sql]
2016-10-22 15:53:03,336 (main) [ ComponentContainer.java:282:INFO ] Loading component : [entity]
2016-10-22 15:53:03,347 (main) [ ComponentContainer.java:282:INFO ] Loading component : [catalina]
2016-10-22 15:53:03,358 (main) [ ComponentContainer.java:282:INFO ] Loading component : [security]
2016-10-22 15:53:03,366 (main) [ ComponentContainer.java:282:INFO ] Loading component : [datafile]
2016-10-22 15:53:03,374 (main) [ ComponentContainer.java:282:INFO ] Loading component : [minilang]
2016-10-22 15:53:03,384 (main) [ ComponentContainer.java:282:INFO ] Loading component : [common]
2016-10-22 15:53:03,394 (main) [ ComponentContainer.java:282:INFO ] Loading component : [service]
2016-10-22 15:53:03,402 (main) [ ComponentContainer.java:282:INFO ] Loading component : [entityext]
2016-10-22 15:53:03,410 (main) [ ComponentContainer.java:282:INFO ] Loading component : [bi]
2016-10-22 15:53:03,416 (main) [ ComponentContainer.java:282:INFO ] Loading component : [birt]
2016-10-22 15:53:03,426 (main) [ ComponentContainer.java:282:INFO ] Loading component : [webapp]
2016-10-22 15:53:03,433 (main) [ ComponentContainer.java:282:INFO ] Loading component : [widget]
2016-10-22 15:53:03,440 (main) [ ComponentContainer.java:282:INFO ] Loading component : [appservers]
2016-10-22 15:53:03,447 (main) [ ComponentContainer.java:282:INFO ] Loading component : [testtools]
2016-10-22 15:53:03,449 (main) [ ComponentContainer.java:207:ERROR] Cannot load component :  @ images : The given component root location is does not exist: /Users/tusm/javaProject/svn/yaOfbiz/framework/images/
2016-10-22 15:53:03,449 (main) [ ComponentContainer.java:210:ERROR] Cannot load component :  @ images
2016-10-22 15:53:03,455 (main) [ ComponentContainer.java:282:INFO ] Loading component : [sso]
2016-10-22 15:53:03,456 (main) [ ComponentContainer.java:220:INFO ] Auto-Loading component directory : [/Users/tusm/javaProject/svn/yaOfbiz/themes]
2016-10-22 15:53:03,466 (main) [ ComponentContainer.java:282:INFO ] Loading component : [adminlet]
2016-10-22 15:53:03,474 (main) [ ComponentContainer.java:282:INFO ] Loading component : [bootcss]
2016-10-22 15:53:03,483 (main) [ ComponentContainer.java:282:INFO ] Loading component : [coloradmin]
2016-10-22 15:53:03,491 (main) [ ComponentContainer.java:282:INFO ] Loading component : [flatgrey]
2016-10-22 15:53:03,502 (main) [ ComponentContainer.java:282:INFO ] Loading component : [tomahawk]
2016-10-22 15:53:03,502 (main) [ ComponentContainer.java:220:INFO ] Auto-Loading component directory : [/Users/tusm/javaProject/svn/yaOfbiz/services]
2016-10-22 15:53:03,502 (main) [ ComponentContainer.java:223:ERROR] Auto-Load Component directory not found : /Users/tusm/javaProject/svn/yaOfbiz/services
2016-10-22 15:53:03,502 (main) [ ComponentContainer.java:220:INFO ] Auto-Loading component directory : [/Users/tusm/javaProject/svn/yaOfbiz/applications]
2016-10-22 15:53:03,503 (main) [ ComponentContainer.java:223:ERROR] Auto-Load Component directory not found : /Users/tusm/javaProject/svn/yaOfbiz/applications
2016-10-22 15:53:03,503 (main) [ ComponentContainer.java:220:INFO ] Auto-Loading component directory : [/Users/tusm/javaProject/svn/yaOfbiz/specialpurpose]
2016-10-22 15:53:03,503 (main) [ ComponentContainer.java:223:ERROR] Auto-Load Component directory not found : /Users/tusm/javaProject/svn/yaOfbiz/specialpurpose
2016-10-22 15:53:03,503 (main) [ ComponentContainer.java:220:INFO ] Auto-Loading component directory : [/Users/tusm/javaProject/svn/yaOfbiz/hot-deploy]
2016-10-22 15:53:03,503 (main) [ ComponentContainer.java:223:ERROR] Auto-Load Component directory not found : /Users/tusm/javaProject/svn/yaOfbiz/hot-deploy
2016-10-22 15:53:03,503 (main) [ ComponentContainer.java:220:INFO ] Auto-Loading component directory : [/Users/tusm/javaProject/svn/yaOfbiz/ecommerce]
2016-10-22 15:53:03,503 (main) [ ComponentContainer.java:223:ERROR] Auto-Load Component directory not found : /Users/tusm/javaProject/svn/yaOfbiz/ecommerce
2016-10-22 15:53:03,504 (main) [ ComponentContainer.java:220:INFO ] Auto-Loading component directory : [/Users/tusm/javaProject/svn/yaOfbiz/daojia]
2016-10-22 15:53:03,504 (main) [ ComponentContainer.java:223:ERROR] Auto-Load Component directory not found : /Users/tusm/javaProject/svn/yaOfbiz/daojia
2016-10-22 15:53:03,513 (main) [ ComponentContainer.java:149:INFO ] All components loaded
2016-10-22 15:53:03,906 (main) [ClassLoaderContainer.java:50 :INFO ] CachedClassLoader created
2016-10-22 15:53:03,929 (main) [EntityDataLoadContainer.java:122:INFO ] Install Argument - delegator = default
2016-10-22 15:53:03,929 (main) [EntityDataLoadContainer.java:122:INFO ] Install Argument - file = birt/data/BirtHelpData.xml
2016-10-22 15:53:03,965 (main) [    ContainerLoader.java:220:INFO ] [Startup] Starting containers...
2016-10-22 15:53:03,969 (main) [DelegatorFactoryImpl.java:30 :INFO ] Creating new delegator [default] (main)
2016-10-22 15:53:04,258 (main) [        ModelReader.java:429:INFO ] FINISHED LOADING ENTITIES - ALL FILES; #Entities=102 #ViewEntities=17 #Fields=952 #Relationships=106 #AutoRelationships=96
2016-10-22 15:53:04,267 (main) [   GenericDelegator.java:209:INFO ] Doing entity definition check...
2016-10-22 15:53:04,271 (main) [ ModelEntityChecker.java:503:INFO ] [initReservedWords] array length=1023
2016-10-22 15:53:04,304 (main) [   GenericDelegator.java:212:WARN ] =-=-=-=-= Found 3 warnings when checking the entity definitions:
2016-10-22 15:53:04,304 (main) [   GenericDelegator.java:214:WARN ] [FieldNameRW] Column name NAME of entity SecurityGroup is a reserved word.
2016-10-22 15:53:04,306 (AsyncAppender-Dispatcher-Thread-2) [                       ?:?  :WARN ] Discarded 1 messages due to full event buffer including: [FieldNameRW] Column name NAME of entity SecurityPermission is a reserved word.
2016-10-22 15:53:04,305 (main) [   GenericDelegator.java:214:WARN ] [RelationFkTableDup] Relation to WebSiteType from entity WebSite has an fk-name "WEB_SITE_TYPE" that is also being used as a table name.
2016-10-22 15:53:04,319 (OFBiz-config-0) [   GenericDelegator.java:237:INFO ] Delegator "default" initializing helper "localmysql" for entity group "org.ofbiz".
2016-10-22 15:53:04,319 (OFBiz-config-1) [   GenericDelegator.java:237:INFO ] Delegator "default" initializing helper "localmysqlolap" for entity group "org.ofbiz.olap".
2016-10-22 15:53:04,319 (OFBiz-config-2) [   GenericDelegator.java:237:INFO ] Delegator "default" initializing helper "localmysqltenant" for entity group "org.ofbiz.tenant".
2016-10-22 15:53:04,329 (OFBiz-config-0) [   GenericDelegator.java:248:INFO ] Doing database check as requested in entityengine.xml with addMissing=true
2016-10-22 15:53:04,329 (OFBiz-config-2) [   GenericDelegator.java:248:INFO ] Doing database check as requested in entityengine.xml with addMissing=true
2016-10-22 15:53:04,329 (OFBiz-config-1) [   GenericDelegator.java:248:INFO ] Doing database check as requested in entityengine.xml with addMissing=true
2016-10-22 15:53:04,712 (OFBiz-config-2) [       DatabaseUtil.java:912:INFO ] Database Product Name is MySQL
2016-10-22 15:53:04,712 (OFBiz-config-2) [       DatabaseUtil.java:913:INFO ] Database Product Version is 5.7.9
2016-10-22 15:53:04,712 (OFBiz-config-2) [       DatabaseUtil.java:921:INFO ] Database Driver Name is MySQL Connector Java
2016-10-22 15:53:04,712 (OFBiz-config-2) [       DatabaseUtil.java:922:INFO ] Database Driver Version is mysql-connector-java-5.1.33 ( Revision: alexander.soklakov@oracle.com-20140908134200-8ukofe1izi0r2b63 )
2016-10-22 15:53:04,713 (OFBiz-config-2) [       DatabaseUtil.java:923:INFO ] Database Driver JDBC Version is 4.0
2016-10-22 15:53:04,713 (OFBiz-config-2) [       DatabaseUtil.java:932:INFO ] Database Setting/Support Information (those with a * should be true):
2016-10-22 15:53:04,714 (OFBiz-config-1) [       DatabaseUtil.java:912:INFO ] Database Product Name is MySQL
2016-10-22 15:53:04,714 (AsyncAppender-Dispatcher-Thread-2) [                       ?:?  :INFO ] Discarded 2 messages due to full event buffer including: Database Product Version is 5.7.9
2016-10-22 15:53:04,714 (OFBiz-config-2) [       DatabaseUtil.java:937:INFO ] - supports transactions     [true]*
2016-10-22 15:53:04,715 (AsyncAppender-Dispatcher-Thread-2) [                       ?:?  :INFO ] Discarded 1 messages due to full event buffer including: Database Driver Version is mysql-connector-java-5.1.33 ( Revision: alexander.soklakov@oracle.com-20140908134200-8ukofe1izi0r2b63 )
2016-10-22 15:53:04,715 (OFBiz-config-1) [       DatabaseUtil.java:923:INFO ] Database Driver JDBC Version is 4.0
2016-10-22 15:53:04,715 (AsyncAppender-Dispatcher-Thread-2) [                       ?:?  :INFO ] Discarded 1 messages due to full event buffer including: - isolation None            [false]
2016-10-22 15:53:04,715 (OFBiz-config-1) [       DatabaseUtil.java:932:INFO ] Database Setting/Support Information (those with a * should be true):
2016-10-22 15:53:04,715 (OFBiz-config-2) [       DatabaseUtil.java:937:INFO ] - isolation ReadCommitted   [true]
2016-10-22 15:53:04,715 (OFBiz-config-1) [       DatabaseUtil.java:937:INFO ] - supports transactions     [true]*
2016-10-22 15:53:04,715 (OFBiz-config-2) [       DatabaseUtil.java:937:INFO ] - isolation ReadUncommitted [true]
2016-10-22 15:53:04,715 (OFBiz-config-1) [       DatabaseUtil.java:937:INFO ] - isolation None            [false]
2016-10-22 15:53:04,715 (OFBiz-config-2) [       DatabaseUtil.java:937:INFO ] - isolation RepeatableRead  [true]
2016-10-22 15:53:04,715 (OFBiz-config-1) [       DatabaseUtil.java:937:INFO ] - isolation ReadCommitted   [true]
2016-10-22 15:53:04,715 (OFBiz-config-2) [       DatabaseUtil.java:937:INFO ] - isolation Serializable    [true]
2016-10-22 15:53:04,716 (OFBiz-config-1) [       DatabaseUtil.java:937:INFO ] - isolation ReadUncommitted [true]
2016-10-22 15:53:04,716 (AsyncAppender-Dispatcher-Thread-2) [                       ?:?  :INFO ] Discarded 1 messages due to full event buffer including: - forward only type         [false]
2016-10-22 15:53:04,716 (OFBiz-config-1) [       DatabaseUtil.java:937:INFO ] - isolation RepeatableRead  [true]
2016-10-22 15:53:04,716 (AsyncAppender-Dispatcher-Thread-2) [                       ?:?  :INFO ] Discarded 1 messages due to full event buffer including: - scroll sensitive type     [false]
2016-10-22 15:53:04,716 (OFBiz-config-1) [       DatabaseUtil.java:937:INFO ] - isolation Serializable    [true]
2016-10-22 15:53:04,716 (AsyncAppender-Dispatcher-Thread-2) [                       ?:?  :INFO ] Discarded 1 messages due to full event buffer including: - scroll insensitive type   [true]
2016-10-22 15:53:04,716 (OFBiz-config-1) [       DatabaseUtil.java:937:INFO ] - forward only type         [false]
2016-10-22 15:53:04,716 (AsyncAppender-Dispatcher-Thread-2) [                       ?:?  :INFO ] Discarded 1 messages due to full event buffer including: - is case sensitive         [false]
2016-10-22 15:53:04,716 (OFBiz-config-1) [       DatabaseUtil.java:937:INFO ] - scroll sensitive type     [false]
2016-10-22 15:53:04,717 (AsyncAppender-Dispatcher-Thread-2) [                       ?:?  :INFO ] Discarded 1 messages due to full event buffer including: - stores LowerCase          [true]
2016-10-22 15:53:04,717 (OFBiz-config-1) [       DatabaseUtil.java:937:INFO ] - scroll insensitive type   [true]
2016-10-22 15:53:04,717 (OFBiz-config-2) [       DatabaseUtil.java:937:INFO ] - stores MixedCase          [false]
2016-10-22 15:53:04,717 (OFBiz-config-1) [       DatabaseUtil.java:937:INFO ] - is case sensitive         [false]
2016-10-22 15:53:04,717 (OFBiz-config-1) [       DatabaseUtil.java:937:INFO ] - stores LowerCase          [true]
2016-10-22 15:53:04,717 (OFBiz-config-2) [       DatabaseUtil.java:937:INFO ] - stores UpperCase          [false]
2016-10-22 15:53:04,717 (OFBiz-config-1) [       DatabaseUtil.java:937:INFO ] - stores MixedCase          [false]
2016-10-22 15:53:04,717 (OFBiz-config-2) [       DatabaseUtil.java:937:INFO ] - max table name length     [64]
2016-10-22 15:53:04,717 (OFBiz-config-1) [       DatabaseUtil.java:937:INFO ] - stores UpperCase          [false]
2016-10-22 15:53:04,718 (OFBiz-config-2) [       DatabaseUtil.java:937:INFO ] - max column name length    [64]
2016-10-22 15:53:04,718 (OFBiz-config-1) [       DatabaseUtil.java:937:INFO ] - max table name length     [64]
2016-10-22 15:53:04,718 (OFBiz-config-2) [       DatabaseUtil.java:937:INFO ] - concurrent connections    [0]
2016-10-22 15:53:04,718 (OFBiz-config-1) [       DatabaseUtil.java:937:INFO ] - max column name length    [64]
2016-10-22 15:53:04,718 (OFBiz-config-2) [       DatabaseUtil.java:937:INFO ] - concurrent statements     [0]
2016-10-22 15:53:04,718 (OFBiz-config-1) [       DatabaseUtil.java:937:INFO ] - concurrent connections    [0]
2016-10-22 15:53:04,718 (OFBiz-config-2) [       DatabaseUtil.java:937:INFO ] - ANSI SQL92 Entry          [true]
2016-10-22 15:53:04,718 (OFBiz-config-1) [       DatabaseUtil.java:937:INFO ] - concurrent statements     [0]
2016-10-22 15:53:04,719 (OFBiz-config-2) [       DatabaseUtil.java:937:INFO ] - ANSI SQL92 Intermediate   [false]
2016-10-22 15:53:04,719 (OFBiz-config-1) [       DatabaseUtil.java:937:INFO ] - ANSI SQL92 Entry          [true]
2016-10-22 15:53:04,719 (OFBiz-config-2) [       DatabaseUtil.java:937:INFO ] - ANSI SQL92 Full           [false]
2016-10-22 15:53:04,719 (OFBiz-config-1) [       DatabaseUtil.java:937:INFO ] - ANSI SQL92 Intermediate   [false]
2016-10-22 15:53:04,719 (OFBiz-config-1) [       DatabaseUtil.java:937:INFO ] - ANSI SQL92 Full           [false]
2016-10-22 15:53:04,719 (OFBiz-config-2) [       DatabaseUtil.java:937:INFO ] - ODBC SQL Grammar Core     [true]
2016-10-22 15:53:04,719 (OFBiz-config-1) [       DatabaseUtil.java:937:INFO ] - ODBC SQL Grammar Core     [true]
2016-10-22 15:53:04,720 (OFBiz-config-1) [       DatabaseUtil.java:937:INFO ] - ODBC SQL Grammar Extended [false]
2016-10-22 15:53:04,720 (OFBiz-config-2) [       DatabaseUtil.java:937:INFO ] - ODBC SQL Grammar Extended [false]
2016-10-22 15:53:04,720 (OFBiz-config-1) [       DatabaseUtil.java:937:INFO ] - ODBC SQL Grammar Minimum  [true]
2016-10-22 15:53:04,720 (OFBiz-config-1) [       DatabaseUtil.java:937:INFO ] - outer joins               [true]*
2016-10-22 15:53:04,720 (OFBiz-config-1) [       DatabaseUtil.java:937:INFO ] - limited outer joins       [true]
2016-10-22 15:53:04,720 (OFBiz-config-2) [       DatabaseUtil.java:937:INFO ] - ODBC SQL Grammar Minimum  [true]
2016-10-22 15:53:04,720 (OFBiz-config-1) [       DatabaseUtil.java:937:INFO ] - full outer joins          [false]
2016-10-22 15:53:04,721 (OFBiz-config-2) [       DatabaseUtil.java:937:INFO ] - outer joins               [true]*
2016-10-22 15:53:04,721 (OFBiz-config-1) [       DatabaseUtil.java:937:INFO ] - group by                  [true]*
2016-10-22 15:53:04,721 (OFBiz-config-2) [       DatabaseUtil.java:937:INFO ] - limited outer joins       [true]
2016-10-22 15:53:04,721 (OFBiz-config-1) [       DatabaseUtil.java:937:INFO ] - group by not in select    [true]
2016-10-22 15:53:04,721 (OFBiz-config-2) [       DatabaseUtil.java:937:INFO ] - full outer joins          [false]
2016-10-22 15:53:04,721 (OFBiz-config-1) [       DatabaseUtil.java:937:INFO ] - column aliasing           [true]
2016-10-22 15:53:04,721 (OFBiz-config-2) [       DatabaseUtil.java:937:INFO ] - group by                  [true]*
2016-10-22 15:53:04,721 (OFBiz-config-1) [       DatabaseUtil.java:937:INFO ] - order by not in select    [false]
2016-10-22 15:53:04,722 (OFBiz-config-2) [       DatabaseUtil.java:937:INFO ] - group by not in select    [true]
2016-10-22 15:53:04,722 (OFBiz-config-1) [       DatabaseUtil.java:937:INFO ] - alter table add column    [true]*
2016-10-22 15:53:04,722 (OFBiz-config-2) [       DatabaseUtil.java:937:INFO ] - column aliasing           [true]
2016-10-22 15:53:04,722 (OFBiz-config-1) [       DatabaseUtil.java:937:INFO ] - non-nullable column       [true]*
2016-10-22 15:53:04,722 (OFBiz-config-2) [       DatabaseUtil.java:937:INFO ] - order by not in select    [false]
2016-10-22 15:53:04,722 (OFBiz-config-2) [       DatabaseUtil.java:937:INFO ] - alter table add column    [true]*
2016-10-22 15:53:04,723 (OFBiz-config-2) [       DatabaseUtil.java:937:INFO ] - non-nullable column       [true]*
2016-10-22 15:53:04,724 (OFBiz-config-0) [       DatabaseUtil.java:912:INFO ] Database Product Name is MySQL
2016-10-22 15:53:04,724 (OFBiz-config-0) [       DatabaseUtil.java:913:INFO ] Database Product Version is 5.7.9
2016-10-22 15:53:04,724 (OFBiz-config-0) [       DatabaseUtil.java:921:INFO ] Database Driver Name is MySQL Connector Java
2016-10-22 15:53:04,724 (OFBiz-config-2) [       DatabaseUtil.java:945:INFO ] - default fetchsize        [0]
2016-10-22 15:53:04,724 (OFBiz-config-2) [       DatabaseUtil.java:954:INFO ] - named parameters         [ SKIPPED ]
2016-10-22 15:53:04,724 (OFBiz-config-1) [       DatabaseUtil.java:945:INFO ] - default fetchsize        [0]
2016-10-22 15:53:04,724 (OFBiz-config-1) [       DatabaseUtil.java:954:INFO ] - named parameters         [ SKIPPED ]
2016-10-22 15:53:04,724 (OFBiz-config-2) [       DatabaseUtil.java:978:INFO ] Getting Table Info From Database
2016-10-22 15:53:04,724 (OFBiz-config-0) [       DatabaseUtil.java:922:INFO ] Database Driver Version is mysql-connector-java-5.1.33 ( Revision: alexander.soklakov@oracle.com-20140908134200-8ukofe1izi0r2b63 )
2016-10-22 15:53:04,724 (OFBiz-config-1) [       DatabaseUtil.java:978:INFO ] Getting Table Info From Database
2016-10-22 15:53:04,724 (OFBiz-config-0) [       DatabaseUtil.java:923:INFO ] Database Driver JDBC Version is 4.0
2016-10-22 15:53:04,725 (OFBiz-config-0) [       DatabaseUtil.java:932:INFO ] Database Setting/Support Information (those with a * should be true):
2016-10-22 15:53:04,725 (OFBiz-config-0) [       DatabaseUtil.java:937:INFO ] - supports transactions     [true]*
2016-10-22 15:53:04,725 (OFBiz-config-0) [       DatabaseUtil.java:937:INFO ] - isolation None            [false]
2016-10-22 15:53:04,725 (OFBiz-config-0) [       DatabaseUtil.java:937:INFO ] - isolation ReadCommitted   [true]
2016-10-22 15:53:04,725 (OFBiz-config-0) [       DatabaseUtil.java:937:INFO ] - isolation ReadUncommitted [true]
2016-10-22 15:53:04,725 (OFBiz-config-0) [       DatabaseUtil.java:937:INFO ] - isolation RepeatableRead  [true]
2016-10-22 15:53:04,725 (OFBiz-config-0) [       DatabaseUtil.java:937:INFO ] - isolation Serializable    [true]
2016-10-22 15:53:04,725 (OFBiz-config-0) [       DatabaseUtil.java:937:INFO ] - forward only type         [false]
2016-10-22 15:53:04,726 (OFBiz-config-0) [       DatabaseUtil.java:937:INFO ] - scroll sensitive type     [false]
2016-10-22 15:53:04,726 (OFBiz-config-0) [       DatabaseUtil.java:937:INFO ] - scroll insensitive type   [true]
2016-10-22 15:53:04,726 (OFBiz-config-0) [       DatabaseUtil.java:937:INFO ] - is case sensitive         [false]
2016-10-22 15:53:04,726 (OFBiz-config-0) [       DatabaseUtil.java:937:INFO ] - stores LowerCase          [true]
2016-10-22 15:53:04,726 (OFBiz-config-0) [       DatabaseUtil.java:937:INFO ] - stores MixedCase          [false]
2016-10-22 15:53:04,726 (OFBiz-config-0) [       DatabaseUtil.java:937:INFO ] - stores UpperCase          [false]
2016-10-22 15:53:04,726 (OFBiz-config-0) [       DatabaseUtil.java:937:INFO ] - max table name length     [64]
2016-10-22 15:53:04,726 (OFBiz-config-0) [       DatabaseUtil.java:937:INFO ] - max column name length    [64]
2016-10-22 15:53:04,726 (OFBiz-config-0) [       DatabaseUtil.java:937:INFO ] - concurrent connections    [0]
2016-10-22 15:53:04,727 (OFBiz-config-0) [       DatabaseUtil.java:937:INFO ] - concurrent statements     [0]
2016-10-22 15:53:04,727 (OFBiz-config-0) [       DatabaseUtil.java:937:INFO ] - ANSI SQL92 Entry          [true]
2016-10-22 15:53:04,727 (OFBiz-config-0) [       DatabaseUtil.java:937:INFO ] - ANSI SQL92 Intermediate   [false]
2016-10-22 15:53:04,727 (OFBiz-config-0) [       DatabaseUtil.java:937:INFO ] - ANSI SQL92 Full           [false]
2016-10-22 15:53:04,727 (OFBiz-config-0) [       DatabaseUtil.java:937:INFO ] - ODBC SQL Grammar Core     [true]
2016-10-22 15:53:04,727 (OFBiz-config-0) [       DatabaseUtil.java:937:INFO ] - ODBC SQL Grammar Extended [false]
2016-10-22 15:53:04,728 (OFBiz-config-0) [       DatabaseUtil.java:937:INFO ] - ODBC SQL Grammar Minimum  [true]
2016-10-22 15:53:04,728 (OFBiz-config-0) [       DatabaseUtil.java:937:INFO ] - outer joins               [true]*
2016-10-22 15:53:04,728 (OFBiz-config-0) [       DatabaseUtil.java:937:INFO ] - limited outer joins       [true]
2016-10-22 15:53:04,728 (OFBiz-config-0) [       DatabaseUtil.java:937:INFO ] - full outer joins          [false]
2016-10-22 15:53:04,728 (OFBiz-config-0) [       DatabaseUtil.java:937:INFO ] - group by                  [true]*
2016-10-22 15:53:04,729 (OFBiz-config-0) [       DatabaseUtil.java:937:INFO ] - group by not in select    [true]
2016-10-22 15:53:04,729 (OFBiz-config-0) [       DatabaseUtil.java:937:INFO ] - column aliasing           [true]
2016-10-22 15:53:04,729 (OFBiz-config-0) [       DatabaseUtil.java:937:INFO ] - order by not in select    [false]
2016-10-22 15:53:04,729 (OFBiz-config-0) [       DatabaseUtil.java:937:INFO ] - alter table add column    [true]*
2016-10-22 15:53:04,729 (OFBiz-config-0) [       DatabaseUtil.java:937:INFO ] - non-nullable column       [true]*
2016-10-22 15:53:04,729 (OFBiz-config-0) [       DatabaseUtil.java:945:INFO ] - default fetchsize        [0]
2016-10-22 15:53:04,729 (OFBiz-config-0) [       DatabaseUtil.java:954:INFO ] - named parameters         [ SKIPPED ]
2016-10-22 15:53:04,729 (OFBiz-config-0) [       DatabaseUtil.java:978:INFO ] Getting Table Info From Database
2016-10-22 15:53:04,741 (OFBiz-config-1) [       DatabaseUtil.java:1115:INFO ] Getting Column Info From Database
2016-10-22 15:53:04,743 (OFBiz-config-2) [       DatabaseUtil.java:1115:INFO ] Getting Column Info From Database
2016-10-22 15:53:04,801 (OFBiz-config-1) [       DatabaseUtil.java:419:WARN ] Table named [GEO_DIMENSION] exists in the database but has no corresponding entity
2016-10-22 15:53:04,801 (OFBiz-config-1) [       DatabaseUtil.java:419:WARN ] Table named [INVENTORY_ITEM_FACT] exists in the database but has no corresponding entity
2016-10-22 15:53:04,801 (OFBiz-config-1) [       DatabaseUtil.java:419:WARN ] Table named [PRODUCT_DIMENSION] exists in the database but has no corresponding entity
2016-10-22 15:53:04,802 (OFBiz-config-1) [       DatabaseUtil.java:419:WARN ] Table named [SALES_INVOICE_ITEM_FACT] exists in the database but has no corresponding entity
2016-10-22 15:53:04,802 (OFBiz-config-1) [       DatabaseUtil.java:419:WARN ] Table named [SALES_ORDER_ITEM_FACT] exists in the database but has no corresponding entity
2016-10-22 15:53:04,823 (OFBiz-config-0) [       DatabaseUtil.java:1115:INFO ] Getting Column Info From Database
2016-10-22 15:53:05,863 (OFBiz-config-0) [       DatabaseUtil.java:363:WARN ] Column [ORGANIZATION_PARTY_ID] of table [CUSTOM_TIME_PERIOD] of entity [CustomTimePeriod] exists in the database but has no corresponding field
2016-10-22 15:53:05,864 (OFBiz-config-0) [       DatabaseUtil.java:371:WARN ] Entity [CustomTimePeriod] has 12 fields but table [CUSTOM_TIME_PERIOD] has 13 columns.
2016-10-22 15:53:05,865 (OFBiz-config-0) [       DatabaseUtil.java:363:WARN ] Column [NOTE_PARTY] of table [NOTE_DATA] of entity [NoteData] exists in the database but has no corresponding field
2016-10-22 15:53:05,865 (OFBiz-config-0) [       DatabaseUtil.java:363:WARN ] Column [MORE_INFO_URL] of table [NOTE_DATA] of entity [NoteData] exists in the database but has no corresponding field
2016-10-22 15:53:05,865 (OFBiz-config-0) [       DatabaseUtil.java:363:WARN ] Column [MORE_INFO_ITEM_ID] of table [NOTE_DATA] of entity [NoteData] exists in the database but has no corresponding field
2016-10-22 15:53:05,865 (OFBiz-config-0) [       DatabaseUtil.java:363:WARN ] Column [MORE_INFO_ITEM_NAME] of table [NOTE_DATA] of entity [NoteData] exists in the database but has no corresponding field
2016-10-22 15:53:05,865 (OFBiz-config-0) [       DatabaseUtil.java:371:WARN ] Entity [NoteData] has 8 fields but table [NOTE_DATA] has 12 columns.
2016-10-22 15:53:05,866 (OFBiz-config-0) [       DatabaseUtil.java:363:WARN ] Column [HELP_CONTENT_ID] of table [PORTAL_PAGE] of entity [PortalPage] exists in the database but has no corresponding field
2016-10-22 15:53:05,866 (OFBiz-config-0) [       DatabaseUtil.java:371:WARN ] Entity [PortalPage] has 12 fields but table [PORTAL_PAGE] has 13 columns.
2016-10-22 15:53:05,867 (OFBiz-config-0) [       DatabaseUtil.java:363:WARN ] Column [INTERNAL_CONTENT_ID] of table [SERVER_HIT] of entity [ServerHit] exists in the database but has no corresponding field
2016-10-22 15:53:05,867 (OFBiz-config-0) [       DatabaseUtil.java:363:WARN ] Column [PARTY_ID] of table [SERVER_HIT] of entity [ServerHit] exists in the database but has no corresponding field
2016-10-22 15:53:05,867 (OFBiz-config-0) [       DatabaseUtil.java:363:WARN ] Column [ID_BY_IP_CONTACT_MECH_ID] of table [SERVER_HIT] of entity [ServerHit] exists in the database but has no corresponding field
2016-10-22 15:53:05,867 (OFBiz-config-0) [       DatabaseUtil.java:363:WARN ] Column [REF_BY_WEB_CONTACT_MECH_ID] of table [SERVER_HIT] of entity [ServerHit] exists in the database but has no corresponding field
2016-10-22 15:53:05,867 (AsyncAppender-Dispatcher-Thread-2) [                       ?:?  :WARN ] Discarded 1 messages due to full event buffer including: Entity [ServerHit] has 16 fields but table [SERVER_HIT] has 20 columns.
2016-10-22 15:53:05,867 (OFBiz-config-0) [       DatabaseUtil.java:363:WARN ] Column [INTERNAL_CONTENT_ID] of table [SERVER_HIT_BIN] of entity [ServerHitBin] exists in the database but has no corresponding field
2016-10-22 15:53:05,867 (AsyncAppender-Dispatcher-Thread-2) [                       ?:?  :WARN ] Discarded 1 messages due to full event buffer including: Entity [ServerHitBin] has 15 fields but table [SERVER_HIT_BIN] has 16 columns.
2016-10-22 15:53:05,868 (OFBiz-config-0) [       DatabaseUtil.java:363:WARN ] Column [PARTY_ID] of table [USER_LOGIN] of entity [UserLogin] exists in the database but has no corresponding field
2016-10-22 15:53:05,868 (OFBiz-config-0) [       DatabaseUtil.java:371:WARN ] Entity [UserLogin] has 19 fields but table [USER_LOGIN] has 20 columns.
2016-10-22 15:53:05,869 (OFBiz-config-0) [       DatabaseUtil.java:363:WARN ] Column [PARTY_ID] of table [USER_LOGIN_HISTORY] of entity [UserLoginHistory] exists in the database but has no corresponding field
2016-10-22 15:53:05,869 (OFBiz-config-0) [       DatabaseUtil.java:371:WARN ] Entity [UserLoginHistory] has 10 fields but table [USER_LOGIN_HISTORY] has 11 columns.
2016-10-22 15:53:05,869 (OFBiz-config-0) [       DatabaseUtil.java:363:WARN ] Column [CONTACT_MECH_ID] of table [VISIT] of entity [Visit] exists in the database but has no corresponding field
2016-10-22 15:53:05,869 (OFBiz-config-0) [       DatabaseUtil.java:363:WARN ] Column [PARTY_ID] of table [VISIT] of entity [Visit] exists in the database but has no corresponding field
2016-10-22 15:53:05,869 (OFBiz-config-0) [       DatabaseUtil.java:363:WARN ] Column [ROLE_TYPE_ID] of table [VISIT] of entity [Visit] exists in the database but has no corresponding field
2016-10-22 15:53:05,869 (OFBiz-config-0) [       DatabaseUtil.java:371:WARN ] Entity [Visit] has 27 fields but table [VISIT] has 30 columns.
2016-10-22 15:53:05,869 (OFBiz-config-0) [       DatabaseUtil.java:363:WARN ] Column [PARTY_ID] of table [VISITOR] of entity [Visitor] exists in the database but has no corresponding field
2016-10-22 15:53:05,869 (OFBiz-config-0) [       DatabaseUtil.java:371:WARN ] Entity [Visitor] has 6 fields but table [VISITOR] has 7 columns.
2016-10-22 15:53:05,870 (OFBiz-config-0) [       DatabaseUtil.java:363:WARN ] Column [CONTENT_ID] of table [WEB_PAGE] of entity [WebPage] exists in the database but has no corresponding field
2016-10-22 15:53:05,870 (OFBiz-config-0) [       DatabaseUtil.java:371:WARN ] Entity [WebPage] has 7 fields but table [WEB_PAGE] has 8 columns.
2016-10-22 15:53:05,870 (OFBiz-config-0) [       DatabaseUtil.java:363:WARN ] Column [PRODUCT_STORE_ID] of table [WEB_SITE] of entity [WebSite] exists in the database but has no corresponding field
2016-10-22 15:53:05,870 (OFBiz-config-0) [       DatabaseUtil.java:363:WARN ] Column [ALLOW_PRODUCT_STORE_CHANGE] of table [WEB_SITE] of entity [WebSite] exists in the database but has no corresponding field
2016-10-22 15:53:05,870 (OFBiz-config-0) [       DatabaseUtil.java:371:WARN ] Entity [WebSite] has 16 fields but table [WEB_SITE] has 18 columns.
2016-10-22 15:53:05,870 (OFBiz-config-0) [       DatabaseUtil.java:419:WARN ] Table named [ACCOMMODATION_CLASS] exists in the database but has no corresponding entity
2016-10-22 15:53:05,870 (OFBiz-config-0) [       DatabaseUtil.java:419:WARN ] Table named [ACCOMMODATION_MAP] exists in the database but has no corresponding entity
2016-10-22 15:53:05,870 (OFBiz-config-0) [       DatabaseUtil.java:419:WARN ] Table named [ACCOMMODATION_MAP_TYPE] exists in the database but has no corresponding entity
2016-10-22 15:53:05,870 (OFBiz-config-0) [       DatabaseUtil.java:419:WARN ] Table named [ACCOMMODATION_SPOT] exists in the database but has no corresponding entity
2016-10-22 15:53:05,871 (OFBiz-config-0) [       DatabaseUtil.java:419:WARN ] Table named [ACCTG_TRANS] exists in the database but has no corresponding entity
2016-10-22 15:53:05,871 (OFBiz-config-0) [       DatabaseUtil.java:419:WARN ] Table named [ACCTG_TRANS_ATTRIBUTE] exists in the database but has no corresponding entity
2016-10-22 15:53:05,871 (OFBiz-config-0) [       DatabaseUtil.java:419:WARN ] Table named [ACCTG_TRANS_ENTRY] exists in the database but has no corresponding entity
2016-10-22 15:53:05,871 (OFBiz-config-0) [       DatabaseUtil.java:419:WARN ] Table named [ACCTG_TRANS_ENTRY_TYPE] exists in the database but has no corresponding entity
2016-10-22 15:53:05,871 (OFBiz-config-0) [       DatabaseUtil.java:419:WARN ] Table named [ACCTG_TRANS_TYPE] exists in the database but has no corresponding entity
2016-10-22 15:53:05,871 (OFBiz-config-0) [       DatabaseUtil.java:419:WARN ] Table named [ACCTG_TRANS_TYPE_ATTR] exists in the database but has no corresponding entity
2016-10-22 15:53:05,871 (OFBiz-config-0) [       DatabaseUtil.java:419:WARN ] Table named [ADDENDUM] exists in the database but has no corresponding entity
2016-10-22 15:53:05,871 (OFBiz-config-0) [       DatabaseUtil.java:419:WARN ] Table named [ADDRESS_MATCH_MAP] exists in the database but has no corresponding entity
2016-10-22 15:53:05,871 (OFBiz-config-0) [       DatabaseUtil.java:419:WARN ] Table named [ADVERT] exists in the database but has no corresponding entity
2016-10-22 15:53:05,871 (OFBiz-config-0) [       DatabaseUtil.java:419:WARN ] Table named [ADVERT_CONTENT] exists in the database but has no corresponding entity
2016-10-22 15:53:05,872 (OFBiz-config-0) [       DatabaseUtil.java:419:WARN ] Table named [ADVERT_TYPE] exists in the database but has no corresponding entity
2016-10-22 15:53:05,872 (OFBiz-config-0) [       DatabaseUtil.java:419:WARN ] Table named [AFFILIATE] exists in the database but has no corresponding entity
2016-10-22 15:53:05,872 (OFBiz-config-0) [       DatabaseUtil.java:419:WARN ] Table named [AGREEMENT] exists in the database but has no corresponding entity
2016-10-22 15:53:05,872 (OFBiz-config-0) [       DatabaseUtil.java:419:WARN ] Table named [AGREEMENT_ATTRIBUTE] exists in the database but has no corresponding entity
2016-10-22 15:53:05,872 (OFBiz-config-0) [       DatabaseUtil.java:419:WARN ] Table named [AGREEMENT_EMPLOYMENT_APPL] exists in the database but has no corresponding entity
2016-10-22 15:53:05,872 (OFBiz-config-0) [       DatabaseUtil.java:419:WARN ] Table named [AGREEMENT_GEOGRAPHICAL_APPLIC] exists in the database but has no corresponding entity
2016-10-22 15:53:05,872 (OFBiz-config-0) [       DatabaseUtil.java:419:WARN ] Table named [AGREEMENT_ITEM] exists in the database but has no corresponding entity
2016-10-22 15:53:05,872 (OFBiz-config-0) [       DatabaseUtil.java:419:WARN ] Table named [AGREEMENT_ITEM_ATTRIBUTE] exists in the database but has no corresponding entity
2016-10-22 15:53:05,872 (OFBiz-config-0) [       DatabaseUtil.java:419:WARN ] Table named [AGREEMENT_ITEM_TYPE] exists in the database but has no corresponding entity
2016-10-22 15:53:05,873 (OFBiz-config-0) [       DatabaseUtil.java:419:WARN ] Table named [AGREEMENT_ITEM_TYPE_ATTR] exists in the database but has no corresponding entity
2016-10-22 15:53:05,873 (OFBiz-config-0) [       DatabaseUtil.java:419:WARN ] Table named [AGREEMENT_PARTY_APPLIC] exists in the database but has no corresponding entity
2016-10-22 15:53:05,873 (OFBiz-config-0) [       DatabaseUtil.java:419:WARN ] Table named [AGREEMENT_PRODUCT_APPL] exists in the database but has no corresponding entity
2016-10-22 15:53:05,873 (OFBiz-config-0) [       DatabaseUtil.java:419:WARN ] Table named [AGREEMENT_PROMO_APPL] exists in the database but has no corresponding entity
2016-10-22 15:53:05,873 (OFBiz-config-0) [       DatabaseUtil.java:419:WARN ] Table named [AGREEMENT_ROLE] exists in the database but has no corresponding entity
2016-10-22 15:53:05,873 (OFBiz-config-0) [       DatabaseUtil.java:419:WARN ] Table named [AGREEMENT_TERM] exists in the database but has no corresponding entity
2016-10-22 15:53:05,873 (OFBiz-config-0) [       DatabaseUtil.java:419:WARN ] Table named [AGREEMENT_TERM_ATTRIBUTE] exists in the database but has no corresponding entity
2016-10-22 15:53:05,873 (OFBiz-config-0) [       DatabaseUtil.java:419:WARN ] Table named [AGREEMENT_TYPE] exists in the database but has no corresponding entity
2016-10-22 15:53:05,873 (OFBiz-config-0) [       DatabaseUtil.java:419:WARN ] Table named [AGREEMENT_TYPE_ATTR] exists in the database but has no corresponding entity
2016-10-22 15:53:05,874 (AsyncAppender-Dispatcher-Thread-2) [                       ?:?  :WARN ] Discarded 2 messages due to full event buffer including: Table named [AGREEMENT_WORKEFFORT_APPL] exists in the database but has no corresponding entity
2016-10-22 15:53:05,874 (OFBiz-config-0) [       DatabaseUtil.java:419:WARN ] Table named [APPLICATION_SANDBOX] exists in the database but has no corresponding entity
2016-10-22 15:53:05,874 (AsyncAppender-Dispatcher-Thread-2) [                       ?:?  :WARN ] Discarded 1 messages due to full event buffer including: Table named [APP_CHANNEL] exists in the database but has no corresponding entity
2016-10-22 15:53:05,874 (OFBiz-config-0) [       DatabaseUtil.java:419:WARN ] Table named [APP_USER] exists in the database but has no corresponding entity
2016-10-22 15:53:05,874 (AsyncAppender-Dispatcher-Thread-2) [                       ?:?  :WARN ] Discarded 1 messages due to full event buffer including: Table named [ARTICLE] exists in the database but has no corresponding entity
2016-10-22 15:53:05,874 (OFBiz-config-0) [       DatabaseUtil.java:419:WARN ] Table named [ARTICLE_CONTENT] exists in the database but has no corresponding entity
2016-10-22 15:53:05,875 (AsyncAppender-Dispatcher-Thread-2) [                       ?:?  :WARN ] Discarded 2 messages due to full event buffer including: Table named [ARTICLE_TYPE] exists in the database but has no corresponding entity
2016-10-22 15:53:05,875 (OFBiz-config-0) [       DatabaseUtil.java:419:WARN ] Table named [BENEFIT_TYPE] exists in the database but has no corresponding entity
2016-10-22 15:53:05,875 (AsyncAppender-Dispatcher-Thread-2) [                       ?:?  :WARN ] Discarded 1 messages due to full event buffer including: Table named [BILLING_ACCOUNT] exists in the database but has no corresponding entity
2016-10-22 15:53:05,875 (OFBiz-config-0) [       DatabaseUtil.java:419:WARN ] Table named [BILLING_ACCOUNT_ROLE] exists in the database but has no corresponding entity
2016-10-22 15:53:05,875 (AsyncAppender-Dispatcher-Thread-2) [                       ?:?  :WARN ] Discarded 1 messages due to full event buffer including: Table named [BILLING_ACCOUNT_TERM] exists in the database but has no corresponding entity
2016-10-22 15:53:05,875 (OFBiz-config-0) [       DatabaseUtil.java:419:WARN ] Table named [BILLING_ACCOUNT_TERM_ATTR] exists in the database but has no corresponding entity
2016-10-22 15:53:05,875 (AsyncAppender-Dispatcher-Thread-2) [                       ?:?  :WARN ] Discarded 1 messages due to full event buffer including: Table named [BRAND] exists in the database but has no corresponding entity
2016-10-22 15:53:05,875 (OFBiz-config-0) [       DatabaseUtil.java:419:WARN ] Table named [BRAND_CATEGORY_APPL] exists in the database but has no corresponding entity
2016-10-22 15:53:05,875 (AsyncAppender-Dispatcher-Thread-2) [                       ?:?  :WARN ] Discarded 1 messages due to full event buffer including: Table named [BRAND_CONTENT] exists in the database but has no corresponding entity
2016-10-22 15:53:05,875 (OFBiz-config-0) [       DatabaseUtil.java:419:WARN ] Table named [BRAND_CONTENT_TYPE] exists in the database but has no corresponding entity
2016-10-22 15:53:05,876 (AsyncAppender-Dispatcher-Thread-2) [                       ?:?  :WARN ] Discarded 1 messages due to full event buffer including: Table named [BRAND_PRODUCT_APPL] exists in the database but has no corresponding entity
2016-10-22 15:53:05,875 (OFBiz-config-0) [       DatabaseUtil.java:419:WARN ] Table named [BUDGET] exists in the database but has no corresponding entity
2016-10-22 15:53:05,876 (AsyncAppender-Dispatcher-Thread-2) [                       ?:?  :WARN ] Discarded 1 messages due to full event buffer including: Table named [BUDGET_ATTRIBUTE] exists in the database but has no corresponding entity
2016-10-22 15:53:05,876 (OFBiz-config-0) [       DatabaseUtil.java:419:WARN ] Table named [BUDGET_ITEM] exists in the database but has no corresponding entity
2016-10-22 15:53:05,876 (AsyncAppender-Dispatcher-Thread-2) [                       ?:?  :WARN ] Discarded 1 messages due to full event buffer including: Table named [BUDGET_ITEM_ATTRIBUTE] exists in the database but has no corresponding entity
2016-10-22 15:53:05,876 (OFBiz-config-0) [       DatabaseUtil.java:419:WARN ] Table named [BUDGET_ITEM_TYPE] exists in the database but has no corresponding entity
2016-10-22 15:53:05,876 (AsyncAppender-Dispatcher-Thread-2) [                       ?:?  :WARN ] Discarded 1 messages due to full event buffer including: Table named [BUDGET_ITEM_TYPE_ATTR] exists in the database but has no corresponding entity
2016-10-22 15:53:05,876 (OFBiz-config-0) [       DatabaseUtil.java:419:WARN ] Table named [BUDGET_REVIEW] exists in the database but has no corresponding entity
2016-10-22 15:53:05,876 (AsyncAppender-Dispatcher-Thread-2) [                       ?:?  :WARN ] Discarded 1 messages due to full event buffer including: Table named [BUDGET_REVIEW_RESULT_TYPE] exists in the database but has no corresponding entity
2016-10-22 15:53:05,876 (OFBiz-config-0) [       DatabaseUtil.java:419:WARN ] Table named [BUDGET_REVISION] exists in the database but has no corresponding entity
2016-10-22 15:53:05,876 (AsyncAppender-Dispatcher-Thread-2) [                       ?:?  :WARN ] Discarded 1 messages due to full event buffer including: Table named [BUDGET_REVISION_IMPACT] exists in the database but has no corresponding entity
2016-10-22 15:53:05,876 (OFBiz-config-0) [       DatabaseUtil.java:419:WARN ] Table named [BUDGET_ROLE] exists in the database but has no corresponding entity
2016-10-22 15:53:05,877 (AsyncAppender-Dispatcher-Thread-2) [                       ?:?  :WARN ] Discarded 4 messages due to full event buffer including: Table named [BUDGET_SCENARIO] exists in the database but has no corresponding entity
2016-10-22 15:53:05,877 (OFBiz-config-0) [       DatabaseUtil.java:419:WARN ] Table named [BUDGET_TYPE] exists in the database but has no corresponding entity
2016-10-22 15:53:05,877 (AsyncAppender-Dispatcher-Thread-2) [                       ?:?  :WARN ] Discarded 1 messages due to full event buffer including: Table named [BUDGET_TYPE_ATTR] exists in the database but has no corresponding entity
2016-10-22 15:53:05,877 (OFBiz-config-0) [       DatabaseUtil.java:419:WARN ] Table named [CARRIER_SHIPMENT_BOX_TYPE] exists in the database but has no corresponding entity
2016-10-22 15:53:05,877 (AsyncAppender-Dispatcher-Thread-2) [                       ?:?  :WARN ] Discarded 1 messages due to full event buffer including: Table named [CARRIER_SHIPMENT_METHOD] exists in the database but has no corresponding entity
2016-10-22 15:53:05,877 (OFBiz-config-0) [       DatabaseUtil.java:419:WARN ] Table named [CART_ABANDONED_LINE] exists in the database but has no corresponding entity
2016-10-22 15:53:05,877 (AsyncAppender-Dispatcher-Thread-2) [                       ?:?  :WARN ] Discarded 1 messages due to full event buffer including: Table named [CHARACTER_SET] exists in the database but has no corresponding entity
2016-10-22 15:53:05,877 (OFBiz-config-0) [       DatabaseUtil.java:419:WARN ] Table named [COMMUNICATION_EVENT] exists in the database but has no corresponding entity
2016-10-22 15:53:05,877 (AsyncAppender-Dispatcher-Thread-2) [                       ?:?  :WARN ] Discarded 1 messages due to full event buffer including: Table named [COMMUNICATION_EVENT_ORDER] exists in the database but has no corresponding entity
2016-10-22 15:53:05,877 (OFBiz-config-0) [       DatabaseUtil.java:419:WARN ] Table named [COMMUNICATION_EVENT_PRODUCT] exists in the database but has no corresponding entity
2016-10-22 15:53:05,878 (AsyncAppender-Dispatcher-Thread-2) [                       ?:?  :WARN ] Discarded 1 messages due to full event buffer including: Table named [COMMUNICATION_EVENT_PRP_TYP] exists in the database but has no corresponding entity
2016-10-22 15:53:05,878 (OFBiz-config-0) [       DatabaseUtil.java:419:WARN ] Table named [COMMUNICATION_EVENT_PURPOSE] exists in the database but has no corresponding entity
2016-10-22 15:53:05,878 (AsyncAppender-Dispatcher-Thread-2) [                       ?:?  :WARN ] Discarded 1 messages due to full event buffer including: Table named [COMMUNICATION_EVENT_ROLE] exists in the database but has no corresponding entity
2016-10-22 15:53:05,878 (OFBiz-config-0) [       DatabaseUtil.java:419:WARN ] Table named [COMMUNICATION_EVENT_TYPE] exists in the database but has no corresponding entity
2016-10-22 15:53:05,878 (AsyncAppender-Dispatcher-Thread-2) [                       ?:?  :WARN ] Discarded 2 messages due to full event buffer including: Table named [COMMUNICATION_EVENT_WORK_EFF] exists in the database but has no corresponding entity
2016-10-22 15:53:05,878 (OFBiz-config-0) [       DatabaseUtil.java:419:WARN ] Table named [COMM_CONTENT_ASSOC_TYPE] exists in the database but has no corresponding entity
2016-10-22 15:53:05,878 (AsyncAppender-Dispatcher-Thread-2) [                       ?:?  :WARN ] Discarded 2 messages due to full event buffer including: Table named [COMM_EVENT_CONTENT_ASSOC] exists in the database but has no corresponding entity
2016-10-22 15:53:05,878 (OFBiz-config-0) [       DatabaseUtil.java:419:WARN ] Table named [CONTACT_LIST] exists in the database but has no corresponding entity
2016-10-22 15:53:05,879 (AsyncAppender-Dispatcher-Thread-2) [                       ?:?  :WARN ] Discarded 1 messages due to full event buffer including: Table named [CONTACT_LIST_COMM_STATUS] exists in the database but has no corresponding entity
2016-10-22 15:53:05,878 (OFBiz-config-0) [       DatabaseUtil.java:419:WARN ] Table named [CONTACT_LIST_PARTY] exists in the database but has no corresponding entity
2016-10-22 15:53:05,879 (AsyncAppender-Dispatcher-Thread-2) [                       ?:?  :WARN ] Discarded 1 messages due to full event buffer including: Table named [CONTACT_LIST_PARTY_STATUS] exists in the database but has no corresponding entity
2016-10-22 15:53:05,879 (OFBiz-config-0) [       DatabaseUtil.java:419:WARN ] Table named [CONTACT_LIST_TYPE] exists in the database but has no corresponding entity
2016-10-22 15:53:05,879 (OFBiz-config-0) [       DatabaseUtil.java:419:WARN ] Table named [CONTACT_MECH] exists in the database but has no corresponding entity
2016-10-22 15:53:05,879 (OFBiz-config-0) [       DatabaseUtil.java:419:WARN ] Table named [CONTACT_MECH_ATTRIBUTE] exists in the database but has no corresponding entity
2016-10-22 15:53:05,879 (OFBiz-config-0) [       DatabaseUtil.java:419:WARN ] Table named [CONTACT_MECH_LINK] exists in the database but has no corresponding entity
2016-10-22 15:53:05,879 (OFBiz-config-0) [       DatabaseUtil.java:419:WARN ] Table named [CONTACT_MECH_PURPOSE_TYPE] exists in the database but has no corresponding entity
2016-10-22 15:53:05,879 (OFBiz-config-0) [       DatabaseUtil.java:419:WARN ] Table named [CONTACT_MECH_TYPE] exists in the database but has no corresponding entity
2016-10-22 15:53:05,879 (OFBiz-config-0) [       DatabaseUtil.java:419:WARN ] Table named [CONTACT_MECH_TYPE_ATTR] exists in the database but has no corresponding entity
2016-10-22 15:53:05,879 (OFBiz-config-0) [       DatabaseUtil.java:419:WARN ] Table named [CONTACT_MECH_TYPE_PURPOSE] exists in the database but has no corresponding entity
2016-10-22 15:53:05,879 (OFBiz-config-0) [       DatabaseUtil.java:419:WARN ] Table named [CONTAINER] exists in the database but has no corresponding entity
2016-10-22 15:53:05,879 (OFBiz-config-0) [       DatabaseUtil.java:419:WARN ] Table named [CONTAINER_GEO_POINT] exists in the database but has no corresponding entity
2016-10-22 15:53:05,879 (OFBiz-config-0) [       DatabaseUtil.java:419:WARN ] Table named [CONTAINER_TYPE] exists in the database but has no corresponding entity
2016-10-22 15:53:05,879 (OFBiz-config-0) [       DatabaseUtil.java:419:WARN ] Table named [CONTENT] exists in the database but has no corresponding entity
2016-10-22 15:53:05,880 (OFBiz-config-0) [       DatabaseUtil.java:419:WARN ] Table named [CONTENT_APPROVAL] exists in the database but has no corresponding entity
2016-10-22 15:53:05,880 (OFBiz-config-0) [       DatabaseUtil.java:419:WARN ] Table named [CONTENT_ASSOC] exists in the database but has no corresponding entity
2016-10-22 15:53:05,880 (OFBiz-config-0) [       DatabaseUtil.java:419:WARN ] Table named [CONTENT_ASSOC_PREDICATE] exists in the database but has no corresponding entity
2016-10-22 15:53:05,880 (OFBiz-config-0) [       DatabaseUtil.java:419:WARN ] Table named [CONTENT_ASSOC_TYPE] exists in the database but has no corresponding entity
2016-10-22 15:53:05,880 (OFBiz-config-0) [       DatabaseUtil.java:419:WARN ] Table named [CONTENT_ATTRIBUTE] exists in the database but has no corresponding entity
2016-10-22 15:53:05,880 (OFBiz-config-0) [       DatabaseUtil.java:419:WARN ] Table named [CONTENT_KEYWORD] exists in the database but has no corresponding entity
2016-10-22 15:53:05,880 (OFBiz-config-0) [       DatabaseUtil.java:419:WARN ] Table named [CONTENT_META_DATA] exists in the database but has no corresponding entity
2016-10-22 15:53:05,880 (OFBiz-config-0) [       DatabaseUtil.java:419:WARN ] Table named [CONTENT_OPERATION] exists in the database but has no corresponding entity
2016-10-22 15:53:05,880 (OFBiz-config-0) [       DatabaseUtil.java:419:WARN ] Table named [CONTENT_PURPOSE] exists in the database but has no corresponding entity
2016-10-22 15:53:05,880 (OFBiz-config-0) [       DatabaseUtil.java:419:WARN ] Table named [CONTENT_PURPOSE_OPERATION] exists in the database but has no corresponding entity
2016-10-22 15:53:05,880 (OFBiz-config-0) [       DatabaseUtil.java:419:WARN ] Table named [CONTENT_PURPOSE_TYPE] exists in the database but has no corresponding entity
2016-10-22 15:53:05,880 (OFBiz-config-0) [       DatabaseUtil.java:419:WARN ] Table named [CONTENT_REVISION] exists in the database but has no corresponding entity
2016-10-22 15:53:05,880 (OFBiz-config-0) [       DatabaseUtil.java:419:WARN ] Table named [CONTENT_REVISION_ITEM] exists in the database but has no corresponding entity
2016-10-22 15:53:05,880 (OFBiz-config-0) [       DatabaseUtil.java:419:WARN ] Table named [CONTENT_ROLE] exists in the database but has no corresponding entity
2016-10-22 15:53:05,881 (OFBiz-config-0) [       DatabaseUtil.java:419:WARN ] Table named [CONTENT_SEARCH_CONSTRAINT] exists in the database but has no corresponding entity
2016-10-22 15:53:05,881 (OFBiz-config-0) [       DatabaseUtil.java:419:WARN ] Table named [CONTENT_SEARCH_RESULT] exists in the database but has no corresponding entity
2016-10-22 15:53:05,881 (OFBiz-config-0) [       DatabaseUtil.java:419:WARN ] Table named [CONTENT_TYPE] exists in the database but has no corresponding entity
2016-10-22 15:53:05,881 (OFBiz-config-0) [       DatabaseUtil.java:419:WARN ] Table named [CONTENT_TYPE_ATTR] exists in the database but has no corresponding entity
2016-10-22 15:53:05,881 (OFBiz-config-0) [       DatabaseUtil.java:419:WARN ] Table named [COST_COMPONENT] exists in the database but has no corresponding entity
2016-10-22 15:53:05,881 (OFBiz-config-0) [       DatabaseUtil.java:419:WARN ] Table named [COST_COMPONENT_ATTRIBUTE] exists in the database but has no corresponding entity
2016-10-22 15:53:05,881 (OFBiz-config-0) [       DatabaseUtil.java:419:WARN ] Table named [COST_COMPONENT_CALC] exists in the database but has no corresponding entity
2016-10-22 15:53:05,881 (OFBiz-config-0) [       DatabaseUtil.java:419:WARN ] Table named [COST_COMPONENT_TYPE] exists in the database but has no corresponding entity
2016-10-22 15:53:05,881 (OFBiz-config-0) [       DatabaseUtil.java:419:WARN ] Table named [COST_COMPONENT_TYPE_ATTR] exists in the database but has no corresponding entity
2016-10-22 15:53:05,881 (OFBiz-config-0) [       DatabaseUtil.java:419:WARN ] Table named [CREDIT_CARD] exists in the database but has no corresponding entity
2016-10-22 15:53:05,881 (OFBiz-config-0) [       DatabaseUtil.java:419:WARN ] Table named [CREDIT_CARD_TYPE_GL_ACCOUNT] exists in the database but has no corresponding entity
2016-10-22 15:53:05,881 (OFBiz-config-0) [       DatabaseUtil.java:419:WARN ] Table named [CUST_REQUEST] exists in the database but has no corresponding entity
2016-10-22 15:53:05,882 (OFBiz-config-0) [       DatabaseUtil.java:419:WARN ] Table named [CUST_REQUEST_ATTRIBUTE] exists in the database but has no corresponding entity
2016-10-22 15:53:05,882 (OFBiz-config-0) [       DatabaseUtil.java:419:WARN ] Table named [CUST_REQUEST_CATEGORY] exists in the database but has no corresponding entity
2016-10-22 15:53:05,882 (OFBiz-config-0) [       DatabaseUtil.java:419:WARN ] Table named [CUST_REQUEST_COMM_EVENT] exists in the database but has no corresponding entity
2016-10-22 15:53:05,882 (OFBiz-config-0) [       DatabaseUtil.java:419:WARN ] Table named [CUST_REQUEST_CONTENT] exists in the database but has no corresponding entity
2016-10-22 15:53:05,882 (OFBiz-config-0) [       DatabaseUtil.java:419:WARN ] Table named [CUST_REQUEST_ITEM] exists in the database but has no corresponding entity
2016-10-22 15:53:05,882 (OFBiz-config-0) [       DatabaseUtil.java:419:WARN ] Table named [CUST_REQUEST_ITEM_NOTE] exists in the database but has no corresponding entity
2016-10-22 15:53:05,882 (OFBiz-config-0) [       DatabaseUtil.java:419:WARN ] Table named [CUST_REQUEST_ITEM_WORK_EFFORT] exists in the database but has no corresponding entity
2016-10-22 15:53:05,882 (OFBiz-config-0) [       DatabaseUtil.java:419:WARN ] Table named [CUST_REQUEST_NOTE] exists in the database but has no corresponding entity
2016-10-22 15:53:05,882 (OFBiz-config-0) [       DatabaseUtil.java:419:WARN ] Table named [CUST_REQUEST_PARTY] exists in the database but has no corresponding entity
2016-10-22 15:53:05,882 (OFBiz-config-0) [       DatabaseUtil.java:419:WARN ] Table named [CUST_REQUEST_RESOLUTION] exists in the database but has no corresponding entity
2016-10-22 15:53:05,882 (OFBiz-config-0) [       DatabaseUtil.java:419:WARN ] Table named [CUST_REQUEST_ROLE] exists in the database but has no corresponding entity
2016-10-22 15:53:05,882 (OFBiz-config-0) [       DatabaseUtil.java:419:WARN ] Table named [CUST_REQUEST_STATUS] exists in the database but has no corresponding entity
2016-10-22 15:53:05,882 (OFBiz-config-0) [       DatabaseUtil.java:419:WARN ] Table named [CUST_REQUEST_TYPE] exists in the database but has no corresponding entity
2016-10-22 15:53:05,882 (OFBiz-config-0) [       DatabaseUtil.java:419:WARN ] Table named [CUST_REQUEST_TYPE_ATTR] exists in the database but has no corresponding entity
2016-10-22 15:53:05,882 (OFBiz-config-0) [       DatabaseUtil.java:419:WARN ] Table named [CUST_REQUEST_WORK_EFFORT] exists in the database but has no corresponding entity
2016-10-22 15:53:05,882 (OFBiz-config-0) [       DatabaseUtil.java:419:WARN ] Table named [DAO_JIA_FEEDBACK] exists in the database but has no corresponding entity
2016-10-22 15:53:05,883 (OFBiz-config-0) [       DatabaseUtil.java:419:WARN ] Table named [DAO_JIA_LOGGING] exists in the database but has no corresponding entity
2016-10-22 15:53:05,883 (OFBiz-config-0) [       DatabaseUtil.java:419:WARN ] Table named [DATA_CATEGORY] exists in the database but has no corresponding entity
2016-10-22 15:53:05,883 (OFBiz-config-0) [       DatabaseUtil.java:419:WARN ] Table named [DATA_RESOURCE] exists in the database but has no corresponding entity
2016-10-22 15:53:05,883 (OFBiz-config-0) [       DatabaseUtil.java:419:WARN ] Table named [DATA_RESOURCE_ATTRIBUTE] exists in the database but has no corresponding entity
2016-10-22 15:53:05,883 (OFBiz-config-0) [       DatabaseUtil.java:419:WARN ] Table named [DATA_RESOURCE_META_DATA] exists in the database but has no corresponding entity
2016-10-22 15:53:05,883 (OFBiz-config-0) [       DatabaseUtil.java:419:WARN ] Table named [DATA_RESOURCE_PURPOSE] exists in the database but has no corresponding entity
2016-10-22 15:53:05,883 (OFBiz-config-0) [       DatabaseUtil.java:419:WARN ] Table named [DATA_RESOURCE_ROLE] exists in the database but has no corresponding entity
2016-10-22 15:53:05,883 (OFBiz-config-0) [       DatabaseUtil.java:419:WARN ] Table named [DATA_RESOURCE_TYPE] exists in the database but has no corresponding entity
2016-10-22 15:53:05,883 (OFBiz-config-0) [       DatabaseUtil.java:419:WARN ] Table named [DATA_RESOURCE_TYPE_ATTR] exists in the database but has no corresponding entity
2016-10-22 15:53:05,883 (OFBiz-config-0) [       DatabaseUtil.java:419:WARN ] Table named [DATA_TEMPLATE_TYPE] exists in the database but has no corresponding entity
2016-10-22 15:53:05,883 (OFBiz-config-0) [       DatabaseUtil.java:419:WARN ] Table named [DEDUCTION] exists in the database but has no corresponding entity
2016-10-22 15:53:05,883 (OFBiz-config-0) [       DatabaseUtil.java:419:WARN ] Table named [DEDUCTION_TYPE] exists in the database but has no corresponding entity
2016-10-22 15:53:05,883 (OFBiz-config-0) [       DatabaseUtil.java:419:WARN ] Table named [DELIVERABLE] exists in the database but has no corresponding entity
2016-10-22 15:53:05,883 (OFBiz-config-0) [       DatabaseUtil.java:419:WARN ] Table named [DELIVERABLE_TYPE] exists in the database but has no corresponding entity
2016-10-22 15:53:05,883 (OFBiz-config-0) [       DatabaseUtil.java:419:WARN ] Table named [DELIVERY] exists in the database but has no corresponding entity
2016-10-22 15:53:05,883 (OFBiz-config-0) [       DatabaseUtil.java:419:WARN ] Table named [DESIRED_FEATURE] exists in the database but has no corresponding entity
2016-10-22 15:53:05,883 (OFBiz-config-0) [       DatabaseUtil.java:419:WARN ] Table named [DOCUMENT] exists in the database but has no corresponding entity
2016-10-22 15:53:05,883 (OFBiz-config-0) [       DatabaseUtil.java:419:WARN ] Table named [DOCUMENT_ATTRIBUTE] exists in the database but has no corresponding entity
2016-10-22 15:53:05,883 (OFBiz-config-0) [       DatabaseUtil.java:419:WARN ] Table named [DOCUMENT_TYPE] exists in the database but has no corresponding entity
2016-10-22 15:53:05,884 (OFBiz-config-0) [       DatabaseUtil.java:419:WARN ] Table named [DOCUMENT_TYPE_ATTR] exists in the database but has no corresponding entity
2016-10-22 15:53:05,884 (OFBiz-config-0) [       DatabaseUtil.java:419:WARN ] Table named [EFT_ACCOUNT] exists in the database but has no corresponding entity
2016-10-22 15:53:05,884 (OFBiz-config-0) [       DatabaseUtil.java:419:WARN ] Table named [ELECTRONIC_TEXT] exists in the database but has no corresponding entity
2016-10-22 15:53:05,884 (OFBiz-config-0) [       DatabaseUtil.java:419:WARN ] Table named [EMAIL_ADDRESS_VERIFICATION] exists in the database but has no corresponding entity
2016-10-22 15:53:05,884 (OFBiz-config-0) [       DatabaseUtil.java:419:WARN ] Table named [EMPLOYMENT] exists in the database but has no corresponding entity
2016-10-22 15:53:05,884 (OFBiz-config-0) [       DatabaseUtil.java:419:WARN ] Table named [EMPLOYMENT_APP] exists in the database but has no corresponding entity
2016-10-22 15:53:05,884 (OFBiz-config-0) [       DatabaseUtil.java:419:WARN ] Table named [EMPLOYMENT_APP_SOURCE_TYPE] exists in the database but has no corresponding entity
2016-10-22 15:53:05,884 (OFBiz-config-0) [       DatabaseUtil.java:419:WARN ] Table named [EMPL_LEAVE] exists in the database but has no corresponding entity
2016-10-22 15:53:05,884 (OFBiz-config-0) [       DatabaseUtil.java:419:WARN ] Table named [EMPL_LEAVE_REASON_TYPE] exists in the database but has no corresponding entity
2016-10-22 15:53:05,884 (OFBiz-config-0) [       DatabaseUtil.java:419:WARN ] Table named [EMPL_LEAVE_TYPE] exists in the database but has no corresponding entity
2016-10-22 15:53:05,884 (OFBiz-config-0) [       DatabaseUtil.java:419:WARN ] Table named [EMPL_POSITION] exists in the database but has no corresponding entity
2016-10-22 15:53:05,884 (OFBiz-config-0) [       DatabaseUtil.java:419:WARN ] Table named [EMPL_POSITION_CLASS_TYPE] exists in the database but has no corresponding entity
2016-10-22 15:53:05,884 (OFBiz-config-0) [       DatabaseUtil.java:419:WARN ] Table named [EMPL_POSITION_FULFILLMENT] exists in the database but has no corresponding entity
2016-10-22 15:53:05,884 (OFBiz-config-0) [       DatabaseUtil.java:419:WARN ] Table named [EMPL_POSITION_REPORTING_STRUCT] exists in the database but has no corresponding entity
2016-10-22 15:53:05,884 (OFBiz-config-0) [       DatabaseUtil.java:419:WARN ] Table named [EMPL_POSITION_RESPONSIBILITY] exists in the database but has no corresponding entity
2016-10-22 15:53:05,884 (OFBiz-config-0) [       DatabaseUtil.java:419:WARN ] Table named [EMPL_POSITION_TYPE] exists in the database but has no corresponding entity
2016-10-22 15:53:05,884 (OFBiz-config-0) [       DatabaseUtil.java:419:WARN ] Table named [EMPL_POSITION_TYPE_CLASS] exists in the database but has no corresponding entity
2016-10-22 15:53:05,885 (OFBiz-config-0) [       DatabaseUtil.java:419:WARN ] Table named [EMPL_POSITION_TYPE_RATE] exists in the database but has no corresponding entity
2016-10-22 15:53:05,885 (OFBiz-config-0) [       DatabaseUtil.java:419:WARN ] Table named [EMPL_POSITION_TYPE_RATE_NEW] exists in the database but has no corresponding entity
2016-10-22 15:53:05,885 (OFBiz-config-0) [       DatabaseUtil.java:419:WARN ] Table named [EXTERNAL_LOGIN_KEY] exists in the database but has no corresponding entity
2016-10-22 15:53:05,885 (OFBiz-config-0) [       DatabaseUtil.java:419:WARN ] Table named [FACILITY] exists in the database but has no corresponding entity
2016-10-22 15:53:05,885 (OFBiz-config-0) [       DatabaseUtil.java:419:WARN ] Table named [FACILITY_ATTRIBUTE] exists in the database but has no corresponding entity
2016-10-22 15:53:05,885 (OFBiz-config-0) [       DatabaseUtil.java:419:WARN ] Table named [FACILITY_CARRIER_SHIPMENT] exists in the database but has no corresponding entity
2016-10-22 15:53:05,885 (OFBiz-config-0) [       DatabaseUtil.java:419:WARN ] Table named [FACILITY_CONTACT_MECH] exists in the database but has no corresponding entity
2016-10-22 15:53:05,885 (OFBiz-config-0) [       DatabaseUtil.java:419:WARN ] Table named [FACILITY_CONTACT_MECH_PURPOSE] exists in the database but has no corresponding entity
2016-10-22 15:53:05,885 (OFBiz-config-0) [       DatabaseUtil.java:419:WARN ] Table named [FACILITY_CONTENT] exists in the database but has no corresponding entity
2016-10-22 15:53:05,885 (OFBiz-config-0) [       DatabaseUtil.java:419:WARN ] Table named [FACILITY_GROUP] exists in the database but has no corresponding entity
2016-10-22 15:53:05,885 (OFBiz-config-0) [       DatabaseUtil.java:419:WARN ] Table named [FACILITY_GROUP_MEMBER] exists in the database but has no corresponding entity
2016-10-22 15:53:05,885 (OFBiz-config-0) [       DatabaseUtil.java:419:WARN ] Table named [FACILITY_GROUP_ROLE] exists in the database but has no corresponding entity
2016-10-22 15:53:05,885 (OFBiz-config-0) [       DatabaseUtil.java:419:WARN ] Table named [FACILITY_GROUP_ROLLUP] exists in the database but has no corresponding entity
2016-10-22 15:53:05,885 (OFBiz-config-0) [       DatabaseUtil.java:419:WARN ] Table named [FACILITY_GROUP_TYPE] exists in the database but has no corresponding entity
2016-10-22 15:53:05,885 (OFBiz-config-0) [       DatabaseUtil.java:419:WARN ] Table named [FACILITY_LOCATION] exists in the database but has no corresponding entity
2016-10-22 15:53:05,886 (OFBiz-config-0) [       DatabaseUtil.java:419:WARN ] Table named [FACILITY_LOCATION_GEO_POINT] exists in the database but has no corresponding entity
2016-10-22 15:53:05,886 (OFBiz-config-0) [       DatabaseUtil.java:419:WARN ] Table named [FACILITY_PARTY] exists in the database but has no corresponding entity
2016-10-22 15:53:05,886 (OFBiz-config-0) [       DatabaseUtil.java:419:WARN ] Table named [FACILITY_ROLE] exists in the database but has no corresponding entity
2016-10-22 15:53:05,886 (OFBiz-config-0) [       DatabaseUtil.java:419:WARN ] Table named [FACILITY_TYPE] exists in the database but has no corresponding entity
2016-10-22 15:53:05,886 (OFBiz-config-0) [       DatabaseUtil.java:419:WARN ] Table named [FACILITY_TYPE_ATTR] exists in the database but has no corresponding entity
2016-10-22 15:53:05,886 (OFBiz-config-0) [       DatabaseUtil.java:419:WARN ] Table named [FILE_EXTENSION] exists in the database but has no corresponding entity
2016-10-22 15:53:05,886 (OFBiz-config-0) [       DatabaseUtil.java:419:WARN ] Table named [FIN_ACCOUNT] exists in the database but has no corresponding entity
2016-10-22 15:53:05,886 (OFBiz-config-0) [       DatabaseUtil.java:419:WARN ] Table named [FIN_ACCOUNT_ATTRIBUTE] exists in the database but has no corresponding entity
2016-10-22 15:53:05,886 (OFBiz-config-0) [       DatabaseUtil.java:419:WARN ] Table named [FIN_ACCOUNT_AUTH] exists in the database but has no corresponding entity
2016-10-22 15:53:05,886 (OFBiz-config-0) [       DatabaseUtil.java:419:WARN ] Table named [FIN_ACCOUNT_ROLE] exists in the database but has no corresponding entity
2016-10-22 15:53:05,886 (OFBiz-config-0) [       DatabaseUtil.java:419:WARN ] Table named [FIN_ACCOUNT_STATUS] exists in the database but has no corresponding entity
2016-10-22 15:53:05,886 (OFBiz-config-0) [       DatabaseUtil.java:419:WARN ] Table named [FIN_ACCOUNT_TRANS] exists in the database but has no corresponding entity
2016-10-22 15:53:05,886 (OFBiz-config-0) [       DatabaseUtil.java:419:WARN ] Table named [FIN_ACCOUNT_TRANS_ATTRIBUTE] exists in the database but has no corresponding entity
2016-10-22 15:53:05,886 (OFBiz-config-0) [       DatabaseUtil.java:419:WARN ] Table named [FIN_ACCOUNT_TRANS_TYPE] exists in the database but has no corresponding entity
2016-10-22 15:53:05,887 (OFBiz-config-0) [       DatabaseUtil.java:419:WARN ] Table named [FIN_ACCOUNT_TRANS_TYPE_ATTR] exists in the database but has no corresponding entity
2016-10-22 15:53:05,887 (OFBiz-config-0) [       DatabaseUtil.java:419:WARN ] Table named [FIN_ACCOUNT_TYPE] exists in the database but has no corresponding entity
2016-10-22 15:53:05,887 (OFBiz-config-0) [       DatabaseUtil.java:419:WARN ] Table named [FIN_ACCOUNT_TYPE_ATTR] exists in the database but has no corresponding entity
2016-10-22 15:53:05,887 (OFBiz-config-0) [       DatabaseUtil.java:419:WARN ] Table named [FIN_ACCOUNT_TYPE_GL_ACCOUNT] exists in the database but has no corresponding entity
2016-10-22 15:53:05,887 (OFBiz-config-0) [       DatabaseUtil.java:419:WARN ] Table named [FIXED_ASSET] exists in the database but has no corresponding entity
2016-10-22 15:53:05,887 (OFBiz-config-0) [       DatabaseUtil.java:419:WARN ] Table named [FIXED_ASSET_ATTRIBUTE] exists in the database but has no corresponding entity
2016-10-22 15:53:05,887 (OFBiz-config-0) [       DatabaseUtil.java:419:WARN ] Table named [FIXED_ASSET_DEP_METHOD] exists in the database but has no corresponding entity
2016-10-22 15:53:05,887 (OFBiz-config-0) [       DatabaseUtil.java:419:WARN ] Table named [FIXED_ASSET_GEO_POINT] exists in the database but has no corresponding entity
2016-10-22 15:53:05,887 (OFBiz-config-0) [       DatabaseUtil.java:419:WARN ] Table named [FIXED_ASSET_IDENT] exists in the database but has no corresponding entity
2016-10-22 15:53:05,887 (OFBiz-config-0) [       DatabaseUtil.java:419:WARN ] Table named [FIXED_ASSET_IDENT_TYPE] exists in the database but has no corresponding entity
2016-10-22 15:53:05,887 (OFBiz-config-0) [       DatabaseUtil.java:419:WARN ] Table named [FIXED_ASSET_MAINT] exists in the database but has no corresponding entity
2016-10-22 15:53:05,887 (OFBiz-config-0) [       DatabaseUtil.java:419:WARN ] Table named [FIXED_ASSET_MAINT_METER] exists in the database but has no corresponding entity
2016-10-22 15:53:05,887 (OFBiz-config-0) [       DatabaseUtil.java:419:WARN ] Table named [FIXED_ASSET_MAINT_ORDER] exists in the database but has no corresponding entity
2016-10-22 15:53:05,887 (OFBiz-config-0) [       DatabaseUtil.java:419:WARN ] Table named [FIXED_ASSET_METER] exists in the database but has no corresponding entity
2016-10-22 15:53:05,887 (OFBiz-config-0) [       DatabaseUtil.java:419:WARN ] Table named [FIXED_ASSET_PRODUCT] exists in the database but has no corresponding entity
2016-10-22 15:53:05,887 (OFBiz-config-0) [       DatabaseUtil.java:419:WARN ] Table named [FIXED_ASSET_PRODUCT_TYPE] exists in the database but has no corresponding entity
2016-10-22 15:53:05,887 (OFBiz-config-0) [       DatabaseUtil.java:419:WARN ] Table named [FIXED_ASSET_REGISTRATION] exists in the database but has no corresponding entity
2016-10-22 15:53:05,888 (OFBiz-config-0) [       DatabaseUtil.java:419:WARN ] Table named [FIXED_ASSET_STD_COST] exists in the database but has no corresponding entity
2016-10-22 15:53:05,888 (OFBiz-config-0) [       DatabaseUtil.java:419:WARN ] Table named [FIXED_ASSET_STD_COST_TYPE] exists in the database but has no corresponding entity
2016-10-22 15:53:05,888 (OFBiz-config-0) [       DatabaseUtil.java:419:WARN ] Table named [FIXED_ASSET_TYPE] exists in the database but has no corresponding entity
2016-10-22 15:53:05,888 (OFBiz-config-0) [       DatabaseUtil.java:419:WARN ] Table named [FIXED_ASSET_TYPE_ATTR] exists in the database but has no corresponding entity
2016-10-22 15:53:05,888 (OFBiz-config-0) [       DatabaseUtil.java:419:WARN ] Table named [FIXED_ASSET_TYPE_GL_ACCOUNT] exists in the database but has no corresponding entity
2016-10-22 15:53:05,888 (OFBiz-config-0) [       DatabaseUtil.java:419:WARN ] Table named [GIFT_CARD] exists in the database but has no corresponding entity
2016-10-22 15:53:05,888 (OFBiz-config-0) [       DatabaseUtil.java:419:WARN ] Table named [GIFT_CARD_FULFILLMENT] exists in the database but has no corresponding entity
2016-10-22 15:53:05,888 (OFBiz-config-0) [       DatabaseUtil.java:419:WARN ] Table named [GL_ACCOUNT] exists in the database but has no corresponding entity
2016-10-22 15:53:05,888 (OFBiz-config-0) [       DatabaseUtil.java:419:WARN ] Table named [GL_ACCOUNT_CATEGORY] exists in the database but has no corresponding entity
2016-10-22 15:53:05,888 (OFBiz-config-0) [       DatabaseUtil.java:419:WARN ] Table named [GL_ACCOUNT_CATEGORY_MEMBER] exists in the database but has no corresponding entity
2016-10-22 15:53:05,888 (OFBiz-config-0) [       DatabaseUtil.java:419:WARN ] Table named [GL_ACCOUNT_CATEGORY_TYPE] exists in the database but has no corresponding entity
2016-10-22 15:53:05,888 (OFBiz-config-0) [       DatabaseUtil.java:419:WARN ] Table named [GL_ACCOUNT_CLASS] exists in the database but has no corresponding entity
2016-10-22 15:53:05,888 (OFBiz-config-0) [       DatabaseUtil.java:419:WARN ] Table named [GL_ACCOUNT_GROUP] exists in the database but has no corresponding entity
2016-10-22 15:53:05,888 (OFBiz-config-0) [       DatabaseUtil.java:419:WARN ] Table named [GL_ACCOUNT_GROUP_MEMBER] exists in the database but has no corresponding entity
2016-10-22 15:53:05,888 (OFBiz-config-0) [       DatabaseUtil.java:419:WARN ] Table named [GL_ACCOUNT_GROUP_TYPE] exists in the database but has no corresponding entity
2016-10-22 15:53:05,888 (OFBiz-config-0) [       DatabaseUtil.java:419:WARN ] Table named [GL_ACCOUNT_HISTORY] exists in the database but has no corresponding entity
2016-10-22 15:53:05,888 (OFBiz-config-0) [       DatabaseUtil.java:419:WARN ] Table named [GL_ACCOUNT_ORGANIZATION] exists in the database but has no corresponding entity
2016-10-22 15:53:05,889 (OFBiz-config-0) [       DatabaseUtil.java:419:WARN ] Table named [GL_ACCOUNT_ROLE] exists in the database but has no corresponding entity
2016-10-22 15:53:05,889 (OFBiz-config-0) [       DatabaseUtil.java:419:WARN ] Table named [GL_ACCOUNT_TYPE] exists in the database but has no corresponding entity
2016-10-22 15:53:05,889 (OFBiz-config-0) [       DatabaseUtil.java:419:WARN ] Table named [GL_ACCOUNT_TYPE_DEFAULT] exists in the database but has no corresponding entity
2016-10-22 15:53:05,889 (OFBiz-config-0) [       DatabaseUtil.java:419:WARN ] Table named [GL_BUDGET_XREF] exists in the database but has no corresponding entity
2016-10-22 15:53:05,889 (OFBiz-config-0) [       DatabaseUtil.java:419:WARN ] Table named [GL_FISCAL_TYPE] exists in the database but has no corresponding entity
2016-10-22 15:53:05,889 (OFBiz-config-0) [       DatabaseUtil.java:419:WARN ] Table named [GL_JOURNAL] exists in the database but has no corresponding entity
2016-10-22 15:53:05,889 (OFBiz-config-0) [       DatabaseUtil.java:419:WARN ] Table named [GL_RECONCILIATION] exists in the database but has no corresponding entity
2016-10-22 15:53:05,889 (OFBiz-config-0) [       DatabaseUtil.java:419:WARN ] Table named [GL_RECONCILIATION_ENTRY] exists in the database but has no corresponding entity
2016-10-22 15:53:05,889 (OFBiz-config-0) [       DatabaseUtil.java:419:WARN ] Table named [GL_RESOURCE_TYPE] exists in the database but has no corresponding entity
2016-10-22 15:53:05,889 (OFBiz-config-0) [       DatabaseUtil.java:419:WARN ] Table named [GL_XBRL_CLASS] exists in the database but has no corresponding entity
2016-10-22 15:53:05,889 (OFBiz-config-0) [       DatabaseUtil.java:419:WARN ] Table named [GOOD_IDENTIFICATION] exists in the database but has no corresponding entity
2016-10-22 15:53:05,889 (OFBiz-config-0) [       DatabaseUtil.java:419:WARN ] Table named [GOOD_IDENTIFICATION_TYPE] exists in the database but has no corresponding entity
2016-10-22 15:53:05,889 (OFBiz-config-0) [       DatabaseUtil.java:419:WARN ] Table named [GUEST_BOOK] exists in the database but has no corresponding entity
2016-10-22 15:53:05,889 (OFBiz-config-0) [       DatabaseUtil.java:419:WARN ] Table named [HOT_KEY_WORDS] exists in the database but has no corresponding entity
2016-10-22 15:53:05,889 (OFBiz-config-0) [       DatabaseUtil.java:419:WARN ] Table named [HOT_KEY_WORDS_STORE] exists in the database but has no corresponding entity
2016-10-22 15:53:05,889 (OFBiz-config-0) [       DatabaseUtil.java:419:WARN ] Table named [IMAGE_DATA_RESOURCE] exists in the database but has no corresponding entity
2016-10-22 15:53:05,890 (OFBiz-config-0) [       DatabaseUtil.java:419:WARN ] Table named [INVENTORY_ITEM] exists in the database but has no corresponding entity
2016-10-22 15:53:05,890 (OFBiz-config-0) [       DatabaseUtil.java:419:WARN ] Table named [INVENTORY_ITEM_ATTRIBUTE] exists in the database but has no corresponding entity
2016-10-22 15:53:05,890 (OFBiz-config-0) [       DatabaseUtil.java:419:WARN ] Table named [INVENTORY_ITEM_DETAIL] exists in the database but has no corresponding entity
2016-10-22 15:53:05,890 (OFBiz-config-0) [       DatabaseUtil.java:419:WARN ] Table named [INVENTORY_ITEM_LABEL] exists in the database but has no corresponding entity
2016-10-22 15:53:05,890 (OFBiz-config-0) [       DatabaseUtil.java:419:WARN ] Table named [INVENTORY_ITEM_LABEL_APPL] exists in the database but has no corresponding entity
2016-10-22 15:53:05,890 (OFBiz-config-0) [       DatabaseUtil.java:419:WARN ] Table named [INVENTORY_ITEM_LABEL_TYPE] exists in the database but has no corresponding entity
2016-10-22 15:53:05,890 (OFBiz-config-0) [       DatabaseUtil.java:419:WARN ] Table named [INVENTORY_ITEM_STATUS] exists in the database but has no corresponding entity
2016-10-22 15:53:05,890 (OFBiz-config-0) [       DatabaseUtil.java:419:WARN ] Table named [INVENTORY_ITEM_TEMP_RES] exists in the database but has no corresponding entity
2016-10-22 15:53:05,890 (OFBiz-config-0) [       DatabaseUtil.java:419:WARN ] Table named [INVENTORY_ITEM_TYPE] exists in the database but has no corresponding entity
2016-10-22 15:53:05,891 (OFBiz-config-0) [       DatabaseUtil.java:419:WARN ] Table named [INVENTORY_ITEM_TYPE_ATTR] exists in the database but has no corresponding entity
2016-10-22 15:53:05,891 (OFBiz-config-0) [       DatabaseUtil.java:419:WARN ] Table named [INVENTORY_ITEM_VARIANCE] exists in the database but has no corresponding entity
2016-10-22 15:53:05,891 (OFBiz-config-0) [       DatabaseUtil.java:419:WARN ] Table named [INVENTORY_TRANSFER] exists in the database but has no corresponding entity
2016-10-22 15:53:05,891 (OFBiz-config-0) [       DatabaseUtil.java:419:WARN ] Table named [INVOICE] exists in the database but has no corresponding entity
2016-10-22 15:53:05,891 (OFBiz-config-0) [       DatabaseUtil.java:419:WARN ] Table named [INVOICE_ATTRIBUTE] exists in the database but has no corresponding entity
2016-10-22 15:53:05,891 (OFBiz-config-0) [       DatabaseUtil.java:419:WARN ] Table named [INVOICE_CONTACT_MECH] exists in the database but has no corresponding entity
2016-10-22 15:53:05,891 (OFBiz-config-0) [       DatabaseUtil.java:419:WARN ] Table named [INVOICE_ITEM] exists in the database but has no corresponding entity
2016-10-22 15:53:05,891 (OFBiz-config-0) [       DatabaseUtil.java:419:WARN ] Table named [INVOICE_ITEM_ASSOC] exists in the database but has no corresponding entity
2016-10-22 15:53:05,891 (OFBiz-config-0) [       DatabaseUtil.java:419:WARN ] Table named [INVOICE_ITEM_ASSOC_TYPE] exists in the database but has no corresponding entity
2016-10-22 15:53:05,891 (OFBiz-config-0) [       DatabaseUtil.java:419:WARN ] Table named [INVOICE_ITEM_ATTRIBUTE] exists in the database but has no corresponding entity
2016-10-22 15:53:05,891 (OFBiz-config-0) [       DatabaseUtil.java:419:WARN ] Table named [INVOICE_ITEM_TYPE] exists in the database but has no corresponding entity
2016-10-22 15:53:05,891 (OFBiz-config-0) [       DatabaseUtil.java:419:WARN ] Table named [INVOICE_ITEM_TYPE_ATTR] exists in the database but has no corresponding entity
2016-10-22 15:53:05,891 (OFBiz-config-0) [       DatabaseUtil.java:419:WARN ] Table named [INVOICE_ITEM_TYPE_GL_ACCOUNT] exists in the database but has no corresponding entity
2016-10-22 15:53:05,892 (OFBiz-config-0) [       DatabaseUtil.java:419:WARN ] Table named [INVOICE_ITEM_TYPE_MAP] exists in the database but has no corresponding entity
2016-10-22 15:53:05,892 (OFBiz-config-0) [       DatabaseUtil.java:419:WARN ] Table named [INVOICE_ROLE] exists in the database but has no corresponding entity
2016-10-22 15:53:05,892 (OFBiz-config-0) [       DatabaseUtil.java:419:WARN ] Table named [INVOICE_STATUS] exists in the database but has no corresponding entity
2016-10-22 15:53:05,892 (OFBiz-config-0) [       DatabaseUtil.java:419:WARN ] Table named [INVOICE_TERM] exists in the database but has no corresponding entity
2016-10-22 15:53:05,892 (OFBiz-config-0) [       DatabaseUtil.java:419:WARN ] Table named [INVOICE_TERM_ATTRIBUTE] exists in the database but has no corresponding entity
2016-10-22 15:53:05,892 (OFBiz-config-0) [       DatabaseUtil.java:419:WARN ] Table named [INVOICE_TYPE] exists in the database but has no corresponding entity
2016-10-22 15:53:05,892 (OFBiz-config-0) [       DatabaseUtil.java:419:WARN ] Table named [INVOICE_TYPE_ATTR] exists in the database but has no corresponding entity
2016-10-22 15:53:05,892 (OFBiz-config-0) [       DatabaseUtil.java:419:WARN ] Table named [ITEM_ISSUANCE] exists in the database but has no corresponding entity
2016-10-22 15:53:05,892 (OFBiz-config-0) [       DatabaseUtil.java:419:WARN ] Table named [ITEM_ISSUANCE_ROLE] exists in the database but has no corresponding entity
2016-10-22 15:53:05,892 (OFBiz-config-0) [       DatabaseUtil.java:419:WARN ] Table named [JOB_INTERVIEW] exists in the database but has no corresponding entity
2016-10-22 15:53:05,892 (OFBiz-config-0) [       DatabaseUtil.java:419:WARN ] Table named [JOB_INTERVIEW_TYPE] exists in the database but has no corresponding entity
2016-10-22 15:53:05,892 (OFBiz-config-0) [       DatabaseUtil.java:419:WARN ] Table named [JOB_REQUISITION] exists in the database but has no corresponding entity
2016-10-22 15:53:05,892 (OFBiz-config-0) [       DatabaseUtil.java:419:WARN ] Table named [LOT] exists in the database but has no corresponding entity
2016-10-22 15:53:05,893 (OFBiz-config-0) [       DatabaseUtil.java:419:WARN ] Table named [MARKETING_CAMPAIGN] exists in the database but has no corresponding entity
2016-10-22 15:53:05,893 (OFBiz-config-0) [       DatabaseUtil.java:419:WARN ] Table named [MARKETING_CAMPAIGN_NOTE] exists in the database but has no corresponding entity
2016-10-22 15:53:05,893 (OFBiz-config-0) [       DatabaseUtil.java:419:WARN ] Table named [MARKETING_CAMPAIGN_PRICE] exists in the database but has no corresponding entity
2016-10-22 15:53:05,893 (OFBiz-config-0) [       DatabaseUtil.java:419:WARN ] Table named [MARKETING_CAMPAIGN_PROMO] exists in the database but has no corresponding entity
2016-10-22 15:53:05,893 (OFBiz-config-0) [       DatabaseUtil.java:419:WARN ] Table named [MARKETING_CAMPAIGN_ROLE] exists in the database but has no corresponding entity
2016-10-22 15:53:05,893 (OFBiz-config-0) [       DatabaseUtil.java:419:WARN ] Table named [MARKET_INTEREST] exists in the database but has no corresponding entity
2016-10-22 15:53:05,893 (AsyncAppender-Dispatcher-Thread-2) [                       ?:?  :WARN ] Discarded 3 messages due to full event buffer including: Table named [META_DATA_PREDICATE] exists in the database but has no corresponding entity
2016-10-22 15:53:05,893 (OFBiz-config-0) [       DatabaseUtil.java:419:WARN ] Table named [MRP_EVENT] exists in the database but has no corresponding entity
2016-10-22 15:53:05,894 (AsyncAppender-Dispatcher-Thread-2) [                       ?:?  :WARN ] Discarded 2 messages due to full event buffer including: Table named [MRP_EVENT_TYPE] exists in the database but has no corresponding entity
2016-10-22 15:53:05,894 (OFBiz-config-0) [       DatabaseUtil.java:419:WARN ] Table named [OAUTH_USER] exists in the database but has no corresponding entity
2016-10-22 15:53:05,894 (OFBiz-config-0) [       DatabaseUtil.java:419:WARN ] Table named [ORDER_ADJUSTMENT] exists in the database but has no corresponding entity
2016-10-22 15:53:05,894 (OFBiz-config-0) [       DatabaseUtil.java:419:WARN ] Table named [ORDER_ADJUSTMENT_ATTRIBUTE] exists in the database but has no corresponding entity
2016-10-22 15:53:05,894 (OFBiz-config-0) [       DatabaseUtil.java:419:WARN ] Table named [ORDER_ADJUSTMENT_BILLING] exists in the database but has no corresponding entity
2016-10-22 15:53:05,894 (OFBiz-config-0) [       DatabaseUtil.java:419:WARN ] Table named [ORDER_ADJUSTMENT_TYPE] exists in the database but has no corresponding entity
2016-10-22 15:53:05,894 (OFBiz-config-0) [       DatabaseUtil.java:419:WARN ] Table named [ORDER_ADJUSTMENT_TYPE_ATTR] exists in the database but has no corresponding entity
2016-10-22 15:53:05,894 (OFBiz-config-0) [       DatabaseUtil.java:419:WARN ] Table named [ORDER_ATTRIBUTE] exists in the database but has no corresponding entity
2016-10-22 15:53:05,894 (OFBiz-config-0) [       DatabaseUtil.java:419:WARN ] Table named [ORDER_BLACKLIST] exists in the database but has no corresponding entity
2016-10-22 15:53:05,894 (OFBiz-config-0) [       DatabaseUtil.java:419:WARN ] Table named [ORDER_BLACKLIST_TYPE] exists in the database but has no corresponding entity
2016-10-22 15:53:05,894 (OFBiz-config-0) [       DatabaseUtil.java:419:WARN ] Table named [ORDER_CONTACT_MECH] exists in the database but has no corresponding entity
2016-10-22 15:53:05,894 (OFBiz-config-0) [       DatabaseUtil.java:419:WARN ] Table named [ORDER_CONTENT] exists in the database but has no corresponding entity
2016-10-22 15:53:05,894 (OFBiz-config-0) [       DatabaseUtil.java:419:WARN ] Table named [ORDER_CONTENT_TYPE] exists in the database but has no corresponding entity
2016-10-22 15:53:05,894 (OFBiz-config-0) [       DatabaseUtil.java:419:WARN ] Table named [ORDER_DELIVERY_SCHEDULE] exists in the database but has no corresponding entity
2016-10-22 15:53:05,894 (OFBiz-config-0) [       DatabaseUtil.java:419:WARN ] Table named [ORDER_HEADER] exists in the database but has no corresponding entity
2016-10-22 15:53:05,894 (OFBiz-config-0) [       DatabaseUtil.java:419:WARN ] Table named [ORDER_HEADER_NOTE] exists in the database but has no corresponding entity
2016-10-22 15:53:05,894 (OFBiz-config-0) [       DatabaseUtil.java:419:WARN ] Table named [ORDER_HEADER_WORK_EFFORT] exists in the database but has no corresponding entity
2016-10-22 15:53:05,894 (OFBiz-config-0) [       DatabaseUtil.java:419:WARN ] Table named [ORDER_ITEM] exists in the database but has no corresponding entity
2016-10-22 15:53:05,894 (OFBiz-config-0) [       DatabaseUtil.java:419:WARN ] Table named [ORDER_ITEM_ASSOC] exists in the database but has no corresponding entity
2016-10-22 15:53:05,894 (OFBiz-config-0) [       DatabaseUtil.java:419:WARN ] Table named [ORDER_ITEM_ASSOCIATION] exists in the database but has no corresponding entity
2016-10-22 15:53:05,895 (OFBiz-config-0) [       DatabaseUtil.java:419:WARN ] Table named [ORDER_ITEM_ASSOC_TYPE] exists in the database but has no corresponding entity
2016-10-22 15:53:05,895 (OFBiz-config-0) [       DatabaseUtil.java:419:WARN ] Table named [ORDER_ITEM_ATTRIBUTE] exists in the database but has no corresponding entity
2016-10-22 15:53:05,895 (OFBiz-config-0) [       DatabaseUtil.java:419:WARN ] Table named [ORDER_ITEM_BILLING] exists in the database but has no corresponding entity
2016-10-22 15:53:05,895 (OFBiz-config-0) [       DatabaseUtil.java:419:WARN ] Table named [ORDER_ITEM_CHANGE] exists in the database but has no corresponding entity
2016-10-22 15:53:05,895 (OFBiz-config-0) [       DatabaseUtil.java:419:WARN ] Table named [ORDER_ITEM_CONTACT_MECH] exists in the database but has no corresponding entity
2016-10-22 15:53:05,895 (OFBiz-config-0) [       DatabaseUtil.java:419:WARN ] Table named [ORDER_ITEM_GROUP] exists in the database but has no corresponding entity
2016-10-22 15:53:05,895 (OFBiz-config-0) [       DatabaseUtil.java:419:WARN ] Table named [ORDER_ITEM_INVENTORY_RES] exists in the database but has no corresponding entity
2016-10-22 15:53:05,895 (OFBiz-config-0) [       DatabaseUtil.java:419:WARN ] Table named [ORDER_ITEM_PRICE_INFO] exists in the database but has no corresponding entity
2016-10-22 15:53:05,895 (OFBiz-config-0) [       DatabaseUtil.java:419:WARN ] Table named [ORDER_ITEM_ROLE] exists in the database but has no corresponding entity
2016-10-22 15:53:05,895 (OFBiz-config-0) [       DatabaseUtil.java:419:WARN ] Table named [ORDER_ITEM_SHIP_GROUP] exists in the database but has no corresponding entity
2016-10-22 15:53:05,895 (OFBiz-config-0) [       DatabaseUtil.java:419:WARN ] Table named [ORDER_ITEM_SHIP_GROUP_ASSOC] exists in the database but has no corresponding entity
2016-10-22 15:53:05,895 (OFBiz-config-0) [       DatabaseUtil.java:419:WARN ] Table named [ORDER_ITEM_SHIP_GRP_INV_RES] exists in the database but has no corresponding entity
2016-10-22 15:53:05,895 (OFBiz-config-0) [       DatabaseUtil.java:419:WARN ] Table named [ORDER_ITEM_TYPE] exists in the database but has no corresponding entity
2016-10-22 15:53:05,895 (OFBiz-config-0) [       DatabaseUtil.java:419:WARN ] Table named [ORDER_ITEM_TYPE_ATTR] exists in the database but has no corresponding entity
2016-10-22 15:53:05,895 (OFBiz-config-0) [       DatabaseUtil.java:419:WARN ] Table named [ORDER_NOTIFICATION] exists in the database but has no corresponding entity
2016-10-22 15:53:05,895 (OFBiz-config-0) [       DatabaseUtil.java:419:WARN ] Table named [ORDER_PAYMENT_PREFERENCE] exists in the database but has no corresponding entity
2016-10-22 15:53:05,895 (OFBiz-config-0) [       DatabaseUtil.java:419:WARN ] Table named [ORDER_PAY_TOKEN] exists in the database but has no corresponding entity
2016-10-22 15:53:05,895 (OFBiz-config-0) [       DatabaseUtil.java:419:WARN ] Table named [ORDER_PRODUCT_PROMO_CODE] exists in the database but has no corresponding entity
2016-10-22 15:53:05,896 (OFBiz-config-0) [       DatabaseUtil.java:419:WARN ] Table named [ORDER_REQUIREMENT_COMMITMENT] exists in the database but has no corresponding entity
2016-10-22 15:53:05,896 (OFBiz-config-0) [       DatabaseUtil.java:419:WARN ] Table named [ORDER_ROLE] exists in the database but has no corresponding entity
2016-10-22 15:53:05,896 (OFBiz-config-0) [       DatabaseUtil.java:419:WARN ] Table named [ORDER_SHIPMENT] exists in the database but has no corresponding entity
2016-10-22 15:53:05,896 (OFBiz-config-0) [       DatabaseUtil.java:419:WARN ] Table named [ORDER_SHIPMENT_PREFERENCE] exists in the database but has no corresponding entity
2016-10-22 15:53:05,896 (OFBiz-config-0) [       DatabaseUtil.java:419:WARN ] Table named [ORDER_STATUS] exists in the database but has no corresponding entity
2016-10-22 15:53:05,896 (OFBiz-config-0) [       DatabaseUtil.java:419:WARN ] Table named [ORDER_SUMMARY_ENTRY] exists in the database but has no corresponding entity
2016-10-22 15:53:05,896 (OFBiz-config-0) [       DatabaseUtil.java:419:WARN ] Table named [ORDER_TERM] exists in the database but has no corresponding entity
2016-10-22 15:53:05,896 (OFBiz-config-0) [       DatabaseUtil.java:419:WARN ] Table named [ORDER_TERM_ATTRIBUTE] exists in the database but has no corresponding entity
2016-10-22 15:53:05,896 (OFBiz-config-0) [       DatabaseUtil.java:419:WARN ] Table named [ORDER_TYPE] exists in the database but has no corresponding entity
2016-10-22 15:53:05,896 (OFBiz-config-0) [       DatabaseUtil.java:419:WARN ] Table named [ORDER_TYPE_ATTR] exists in the database but has no corresponding entity
2016-10-22 15:53:05,896 (OFBiz-config-0) [       DatabaseUtil.java:419:WARN ] Table named [OTHER_DATA_RESOURCE] exists in the database but has no corresponding entity
2016-10-22 15:53:05,896 (OFBiz-config-0) [       DatabaseUtil.java:419:WARN ] Table named [PARTY] exists in the database but has no corresponding entity
2016-10-22 15:53:05,896 (OFBiz-config-0) [       DatabaseUtil.java:419:WARN ] Table named [PARTY_ACCTG_PREFERENCE] exists in the database but has no corresponding entity
2016-10-22 15:53:05,896 (OFBiz-config-0) [       DatabaseUtil.java:419:WARN ] Table named [PARTY_ADDITIONS] exists in the database but has no corresponding entity
2016-10-22 15:53:05,896 (OFBiz-config-0) [       DatabaseUtil.java:419:WARN ] Table named [PARTY_ATTRIBUTE] exists in the database but has no corresponding entity
2016-10-22 15:53:05,896 (OFBiz-config-0) [       DatabaseUtil.java:419:WARN ] Table named [PARTY_BENEFIT] exists in the database but has no corresponding entity
2016-10-22 15:53:05,897 (OFBiz-config-0) [       DatabaseUtil.java:419:WARN ] Table named [PARTY_CARRIER_ACCOUNT] exists in the database but has no corresponding entity
2016-10-22 15:53:05,932 (AsyncAppender-Dispatcher-Thread-2) [                       ?:?  :WARN ] Discarded 450 messages due to full event buffer including: Table named [PARTY_CLASSIFICATION] exists in the database but has no corresponding entity
2016-10-22 15:53:05,974 (main) [  GenericDispatcher.java:68 :INFO ] Creating new dispatcher [entity-default] (main)
2016-10-22 15:53:05,974 (main) [  ServiceDispatcher.java:77 :INFO ] [ServiceDispatcher] : Creating new instance.
2016-10-22 15:53:05,989 (main) [ ServiceGroupReader.java:87 :INFO ] Loaded [1] Group definitions from file:/Users/tusm/javaProject/svn/yaOfbiz/framework/common/servicedef/groups_test.xml
2016-10-22 15:53:05,993 (main) [ ServiceGroupReader.java:87 :INFO ] Loaded [4] Group definitions from file:/Users/tusm/javaProject/svn/yaOfbiz/framework/entityext/servicedef/groups.xml
2016-10-22 15:53:06,010 (OFBiz-config-1) [     ServiceEcaUtil.java:118:INFO ] Loaded [ 0] Service ECA Rules from file:/Users/tusm/javaProject/svn/yaOfbiz/framework/common/servicedef/secas_cdyne.xml
2016-10-22 15:53:06,016 (OFBiz-config-0) [     ServiceEcaUtil.java:118:INFO ] Loaded [ 3] Service ECA Rules from file:/Users/tusm/javaProject/svn/yaOfbiz/framework/service/servicedef/secas_test_se.xml
2016-10-22 15:53:06,016 (OFBiz-config-2) [     ServiceEcaUtil.java:118:INFO ] Loaded [ 4] Service ECA Rules from file:/Users/tusm/javaProject/svn/yaOfbiz/framework/common/servicedef/secas_test.xml
2016-10-22 15:53:06,117 (OFBiz-config-0) [ ModelServiceReader.java:184:INFO ] Loaded [  2] Services from file:/Users/tusm/javaProject/svn/yaOfbiz/framework/common/servicedef/services_olap.xml
2016-10-22 15:53:06,117 (OFBiz-config-1) [ ModelServiceReader.java:184:INFO ] Loaded [  3] Services from file:/Users/tusm/javaProject/svn/yaOfbiz/framework/common/servicedef/services_phone.xml
2016-10-22 15:53:06,120 (OFBiz-config-7) [ ModelServiceReader.java:184:INFO ] Loaded [ 13] Services from file:/Users/tusm/javaProject/svn/yaOfbiz/framework/common/servicedef/services_security.xml
2016-10-22 15:53:06,121 (OFBiz-config-4) [ ModelServiceReader.java:184:INFO ] Loaded [  2] Services from file:/Users/tusm/javaProject/svn/yaOfbiz/framework/common/servicedef/services_cdyne.xml
2016-10-22 15:53:06,122 (OFBiz-config-2) [ ModelServiceReader.java:184:INFO ] Loaded [ 44] Services from file:/Users/tusm/javaProject/svn/yaOfbiz/framework/common/servicedef/services_test.xml
2016-10-22 15:53:06,124 (OFBiz-config-6) [ ModelServiceReader.java:184:INFO ] Loaded [ 11] Services from file:/Users/tusm/javaProject/svn/yaOfbiz/framework/service/servicedef/services.xml
2016-10-22 15:53:06,131 (OFBiz-config-5) [ ModelServiceReader.java:184:INFO ] Loaded [ 15] Services from file:/Users/tusm/javaProject/svn/yaOfbiz/framework/common/servicedef/services_email.xml
2016-10-22 15:53:06,133 (OFBiz-config-7) [ ModelServiceReader.java:184:INFO ] Loaded [  3] Services from file:/Users/tusm/javaProject/svn/yaOfbiz/framework/bi/servicedef/services.xml
2016-10-22 15:53:06,133 (OFBiz-config-2) [ ModelServiceReader.java:184:INFO ] Loaded [  1] Services from file:/Users/tusm/javaProject/svn/yaOfbiz/framework/testtools/servicedef/services.xml
2016-10-22 15:53:06,135 (OFBiz-config-0) [ ModelServiceReader.java:184:INFO ] Loaded [ 18] Services from file:/Users/tusm/javaProject/svn/yaOfbiz/framework/service/servicedef/services_test_se.xml
2016-10-22 15:53:06,136 (OFBiz-config-3) [ ModelServiceReader.java:628:WARN ] No parameter found for override parameter named: organizationPartyId in service createCustomTimePeriod
2016-10-22 15:53:06,137 (OFBiz-config-4) [ ModelServiceReader.java:184:INFO ] Loaded [  1] Services from file:/Users/tusm/javaProject/svn/yaOfbiz/framework/birt/servicedef/services.xml
2016-10-22 15:53:06,147 (OFBiz-config-3) [ ModelServiceReader.java:184:INFO ] Loaded [ 97] Services from file:/Users/tusm/javaProject/svn/yaOfbiz/framework/common/servicedef/services.xml
2016-10-22 15:53:06,148 (OFBiz-config-1) [ ModelServiceReader.java:184:INFO ] Loaded [ 41] Services from file:/Users/tusm/javaProject/svn/yaOfbiz/framework/entityext/servicedef/services.xml
2016-10-22 15:53:06,155 (OFBiz-config-6) [     ServiceEcaUtil.java:118:INFO ] Loaded [ 4] Service ECA Rules from file:/Users/tusm/javaProject/svn/yaOfbiz/framework/common/servicedef/secas_test.xml
2016-10-22 15:53:06,156 (OFBiz-config-5) [     ServiceEcaUtil.java:118:INFO ] Loaded [ 0] Service ECA Rules from file:/Users/tusm/javaProject/svn/yaOfbiz/framework/common/servicedef/secas_cdyne.xml
2016-10-22 15:53:06,157 (OFBiz-config-7) [     ServiceEcaUtil.java:118:INFO ] Loaded [ 3] Service ECA Rules from file:/Users/tusm/javaProject/svn/yaOfbiz/framework/service/servicedef/secas_test_se.xml
2016-10-22 15:53:06,394 (main) [EntityDataLoadContainer.java:469:INFO ] =-=-=-=-=-=-= Doing a data load using delegator 'default' with the following files:
2016-10-22 15:53:06,395 (main) [EntityDataLoadContainer.java:471:INFO ] file:/Users/tusm/javaProject/svn/yaOfbiz/framework/birt/data/BirtHelpData.xml
2016-10-22 15:53:06,395 (AsyncAppender-Dispatcher-Thread-2) [                       ?:?  :INFO ] Discarded 1 messages due to full event buffer including: =-=-=-=-=-=-= Starting the data load...
2016-10-22 15:53:06,398 (main) [    EntitySaxReader.java:213:INFO ] Beginning import from URL: file:/Users/tusm/javaProject/svn/yaOfbiz/framework/birt/data/BirtHelpData.xml
2016-10-22 15:53:06,411 (main) [    EntitySaxReader.java:263:INFO ] Transaction Timeout set to 2 hours (7200 seconds)
2016-10-22 15:53:06,412 (main) [    EntitySaxReader.java:282:INFO ] Finished 0 values from file:/Users/tusm/javaProject/svn/yaOfbiz/framework/birt/data/BirtHelpData.xml
2016-10-22 15:53:06,412 (main) [EntityDataLoadContainer.java:490:INFO ] =-=-=-=-=-=-= Here is a summary of the data load:
2016-10-22 15:53:06,412 (main) [EntityDataLoadContainer.java:492:INFO ] 00000 of 00000 from file:/Users/tusm/javaProject/svn/yaOfbiz/framework/birt/data/BirtHelpData.xml
2016-10-22 15:53:06,412 (main) [EntityDataLoadContainer.java:503:INFO ] =-=-=-=-=-=-= Finished the data load with 0 rows changed.
2016-10-22 15:53:06,412 (main) [    ContainerLoader.java:243:INFO ] Shutting down containers
